#
# A fatal error has been detected by the Java Runtime Environment:
#
#  SIGSEGV (0xb) at pc=0x0000000132db0cd8, pid=699, tid=0x000000000000cd0b
#
# JRE version: Java(TM) SE Runtime Environment (8.0_181-b13) (build 1.8.0_181-b13)
# Java VM: Java HotSpot(TM) 64-Bit Server VM (25.181-b13 mixed mode bsd-amd64 compressed oops)
# Problematic frame:
# C  [libCLIPSJNI.jnilib+0xd7cd8]  EnvActivateRouter+0x18
#
# Failed to write core dump. Core dumps have been disabled. To enable core dumping, try "ulimit -c unlimited" before starting Java again
#
# If you would like to submit a bug report, please visit:
#   http://bugreport.java.com/bugreport/crash.jsp
# The crash happened outside the Java Virtual Machine in native code.
# See problematic frame for where to report the bug.
#

---------------  T H R E A D  ---------------

Current thread (0x00007fab1586e000):  JavaThread "AWT-EventQueue-0" [_thread_in_native, id=52491, stack(0x0000700003dea000,0x0000700003eea000)]

siginfo: si_signo: 11 (SIGSEGV), si_code: 1 (SEGV_MAPERR), si_addr: 0x0000000000000170

Registers:
RAX=0x00007fab142627a0, RBX=0x0000000113d8ca60, RCX=0x000000011162a5e0, RDX=0x00007fab1586e1f8
RSP=0x0000700003ee7440, RBP=0x0000700003ee7460, RSI=0x0000000000000000, RDI=0x00007fab142627a0
R8 =0x0000000000000000, R9 =0x00007fab1a989fc0, R10=0x000000011a5ad63b, R11=0x00000001112e8867
R12=0x0000000000000000, R13=0x0000000113d8ca60, R14=0x0000700003ee7580, R15=0x00007fab1586e000
RIP=0x0000000132db0cd8, EFLAGS=0x0000000000010202, ERR=0x0000000000000004
  TRAPNO=0x000000000000000e

Top of Stack: (sp=0x0000700003ee7440)
0x0000700003ee7440:   0000700003ee7460 0000000132de50a5
0x0000700003ee7450:   00007fab142627a0 0000000113d8ca60
0x0000700003ee7460:   0000700003ee74a0 0000000132cf7d5c
0x0000700003ee7470:   00007fab1586e000 00007fab1586e000
0x0000700003ee7480:   00007fab1586e000 00007fab142627b8
0x0000700003ee7490:   00007fab142627a0 00007fab142627a0
0x0000700003ee74a0:   0000700003ee74e0 0000000132de2911
0x0000700003ee74b0:   0000000113d8ca60 0000000113d8ca60
0x0000700003ee74c0:   00007fab142627b8 00007fab142627a0
0x0000700003ee74d0:   0000700003ee7580 00007fab1586e1f8
0x0000700003ee74e0:   0000700003ee7550 000000011a5ad667
0x0000700003ee74f0:   0000700003ee7550 000000011a5ad3b9
0x0000700003ee7500:   0000000113d8cb08 000000011a5ad382
0x0000700003ee7510:   0000700003ee7510 0000000113d8ca60
0x0000700003ee7520:   0000700003ee7580 0000000113d8f558
0x0000700003ee7530:   0000000000000000 0000000113d8ca60
0x0000700003ee7540:   0000000000000000 0000700003ee7570
0x0000700003ee7550:   0000700003ee75c8 000000011a59d2bd
0x0000700003ee7560:   0000000000000000 000000011a5a6d18
0x0000700003ee7570:   00007fab142627a0 000000076b0e6960
0x0000700003ee7580:   000000076b0e6960 0000700003ee7588
0x0000700003ee7590:   0000000113d8cafd 0000700003ee75d8
0x0000700003ee75a0:   0000000113d8f558 0000000000000000
0x0000700003ee75b0:   0000000113d8cb08 0000700003ee7570
0x0000700003ee75c0:   0000700003ee75d8 0000700003ee7620
0x0000700003ee75d0:   000000011a59d2bd 000000076b0e6960
0x0000700003ee75e0:   0000700003ee75e0 0000000113e717f6
0x0000700003ee75f0:   0000700003ee76b0 0000000113e71a18
0x0000700003ee7600:   0000000000000000 0000000113e71928
0x0000700003ee7610:   0000700003ee75d8 0000700003ee76a8
0x0000700003ee7620:   0000700003ee76f8 000000011a59d302
0x0000700003ee7630:   000000076bac7570 000000076bac3500 

Instructions: (pc=0x0000000132db0cd8)
0x0000000132db0cb8:   0f 1f 84 00 00 00 00 00 55 48 89 e5 48 83 ec 20
0x0000000132db0cc8:   48 89 7d f0 48 89 75 e8 48 8b 75 f0 48 8b 76 30
0x0000000132db0cd8:   48 8b b6 70 01 00 00 48 8b 76 30 48 89 75 e0 48
0x0000000132db0ce8:   81 7d e0 00 00 00 00 0f 84 43 00 00 00 48 8b 45 

Register to memory mapping:

RAX=0x00007fab142627a0 is an unknown value
RBX={method} {0x0000000113d8ca60} 'clear' '(J)V' in 'net/sf/clipsrules/jni/Environment'
RCX=0x000000011162a5e0: UseMembar+0 in /Library/Java/JavaVirtualMachines/jdk1.8.0_181.jdk/Contents/Home/jre/lib/server/libjvm.dylib at 0x0000000110e00000
RDX=0x00007fab1586e1f8 is an unknown value
RSP=0x0000700003ee7440 is pointing into the stack for thread: 0x00007fab1586e000
RBP=0x0000700003ee7460 is pointing into the stack for thread: 0x00007fab1586e000
RSI=0x0000000000000000 is an unknown value
RDI=0x00007fab142627a0 is an unknown value
R8 =0x0000000000000000 is an unknown value
R9 =0x00007fab1a989fc0 is an unknown value
R10=0x000000011a5ad63b is at code_begin+859 in an Interpreter codelet
method entry point (kind = native)  [0x000000011a5ad2e0, 0x000000011a5adc40]  2400 bytes
R11=0x00000001112e8867: throw_unsatisfied_link_error+0 in /Library/Java/JavaVirtualMachines/jdk1.8.0_181.jdk/Contents/Home/jre/lib/server/libjvm.dylib at 0x0000000110e00000
R12=0x0000000000000000 is an unknown value
R13={method} {0x0000000113d8ca60} 'clear' '(J)V' in 'net/sf/clipsrules/jni/Environment'
R14=0x0000700003ee7580 is pointing into the stack for thread: 0x00007fab1586e000
R15=0x00007fab1586e000 is a thread


Stack: [0x0000700003dea000,0x0000700003eea000],  sp=0x0000700003ee7440,  free space=1013k
Native frames: (J=compiled Java code, j=interpreted, Vv=VM code, C=native code)
C  [libCLIPSJNI.jnilib+0xd7cd8]  EnvActivateRouter+0x18
C  [libCLIPSJNI.jnilib+0x1ed5c]  EnvClear+0x1c
C  [libCLIPSJNI.jnilib+0x109911]  Java_net_sf_clipsrules_jni_Environment_clear+0x41
j  net.sf.clipsrules.jni.Environment.clear(J)V+0
j  net.sf.clipsrules.jni.Environment.clear()V+5
j  clips.proyecto.vista.Main$34.mouseClicked(Ljava/awt/event/MouseEvent;)V+414
j  java.awt.AWTEventMulticaster.mouseClicked(Ljava/awt/event/MouseEvent;)V+21
j  java.awt.Component.processMouseEvent(Ljava/awt/event/MouseEvent;)V+74
j  javax.swing.JComponent.processMouseEvent(Ljava/awt/event/MouseEvent;)V+23
J 1018 C1 java.awt.Component.processEvent(Ljava/awt/AWTEvent;)V (220 bytes) @ 0x000000011a8f2f1c [0x000000011a8f2a00+0x51c]
J 1017 C1 java.awt.Container.processEvent(Ljava/awt/AWTEvent;)V (22 bytes) @ 0x000000011a8f2544 [0x000000011a8f2220+0x324]
J 888 C1 java.awt.Component.dispatchEventImpl(Ljava/awt/AWTEvent;)V (921 bytes) @ 0x000000011a87c95c [0x000000011a877400+0x555c]
J 894 C1 java.awt.Container.dispatchEventImpl(Ljava/awt/AWTEvent;)V (129 bytes) @ 0x000000011a886aec [0x000000011a8869a0+0x14c]
J 1095 C1 java.awt.LightweightDispatcher.retargetMouseEvent(Ljava/awt/Component;ILjava/awt/event/MouseEvent;)V (372 bytes) @ 0x000000011a93be9c [0x000000011a9395a0+0x28fc]
J 1002 C1 java.awt.LightweightDispatcher.processMouseEvent(Ljava/awt/event/MouseEvent;)Z (286 bytes) @ 0x000000011a8c9af4 [0x000000011a8c8280+0x1874]
J 1016 C1 java.awt.LightweightDispatcher.dispatchEvent(Ljava/awt/AWTEvent;)Z (73 bytes) @ 0x000000011a8f1af4 [0x000000011a8f16c0+0x434]
J 894 C1 java.awt.Container.dispatchEventImpl(Ljava/awt/AWTEvent;)V (129 bytes) @ 0x000000011a886a8c [0x000000011a8869a0+0xec]
J 985 C1 java.awt.Window.dispatchEventImpl(Ljava/awt/AWTEvent;)V (23 bytes) @ 0x000000011a8b8e4c [0x000000011a8b8860+0x5ec]
J 948 C1 java.awt.EventQueue.dispatchEventImpl(Ljava/awt/AWTEvent;Ljava/lang/Object;)V (149 bytes) @ 0x000000011a8a2e64 [0x000000011a8a1600+0x1864]
J 880 C1 java.awt.EventQueue$3.run()Ljava/lang/Void; (60 bytes) @ 0x000000011a8720d4 [0x000000011a871ec0+0x214]
J 879 C1 java.awt.EventQueue$3.run()Ljava/lang/Object; (5 bytes) @ 0x000000011a871b4c [0x000000011a871ac0+0x8c]
v  ~StubRoutines::call_stub
V  [libjvm.dylib+0x2efcba]  JavaCalls::call_helper(JavaValue*, methodHandle*, JavaCallArguments*, Thread*)+0x6ae
V  [libjvm.dylib+0x3505b0]  JVM_DoPrivileged+0x4b8
J 707  java.security.AccessController.doPrivileged(Ljava/security/PrivilegedAction;Ljava/security/AccessControlContext;)Ljava/lang/Object; (0 bytes) @ 0x000000011a821595 [0x000000011a8214c0+0xd5]
J 781 C1 java.awt.EventQueue$4.run()Ljava/lang/Object; (5 bytes) @ 0x000000011a8434ec [0x000000011a8430c0+0x42c]
v  ~StubRoutines::call_stub
V  [libjvm.dylib+0x2efcba]  JavaCalls::call_helper(JavaValue*, methodHandle*, JavaCallArguments*, Thread*)+0x6ae
V  [libjvm.dylib+0x3505b0]  JVM_DoPrivileged+0x4b8
J 707  java.security.AccessController.doPrivileged(Ljava/security/PrivilegedAction;Ljava/security/AccessControlContext;)Ljava/lang/Object; (0 bytes) @ 0x000000011a821595 [0x000000011a8214c0+0xd5]
J 773 C1 java.awt.EventQueue.dispatchEvent(Ljava/awt/AWTEvent;)V (80 bytes) @ 0x000000011a83c5b4 [0x000000011a83b700+0xeb4]
J 775 C1 java.awt.EventDispatchThread.pumpOneEventForFilters(I)V (190 bytes) @ 0x000000011a83ec4c [0x000000011a83db00+0x114c]
j  java.awt.EventDispatchThread.pumpEventsForFilter(ILjava/awt/Conditional;Ljava/awt/EventFilter;)V+35
j  java.awt.EventDispatchThread.pumpEventsForHierarchy(ILjava/awt/Conditional;Ljava/awt/Component;)V+11
j  java.awt.EventDispatchThread.pumpEvents(ILjava/awt/Conditional;)V+4
j  java.awt.EventDispatchThread.pumpEvents(Ljava/awt/Conditional;)V+3
j  java.awt.EventDispatchThread.run()V+9
v  ~StubRoutines::call_stub
V  [libjvm.dylib+0x2efcba]  JavaCalls::call_helper(JavaValue*, methodHandle*, JavaCallArguments*, Thread*)+0x6ae
V  [libjvm.dylib+0x2f045e]  JavaCalls::call_virtual(JavaValue*, KlassHandle, Symbol*, Symbol*, JavaCallArguments*, Thread*)+0x164
V  [libjvm.dylib+0x2f060a]  JavaCalls::call_virtual(JavaValue*, Handle, KlassHandle, Symbol*, Symbol*, Thread*)+0x4a
V  [libjvm.dylib+0x34aef9]  thread_entry(JavaThread*, Thread*)+0x7c
V  [libjvm.dylib+0x56fa7f]  JavaThread::thread_main_inner()+0x9b
V  [libjvm.dylib+0x57117a]  JavaThread::run()+0x1c2
V  [libjvm.dylib+0x48e342]  java_start(Thread*)+0xf6
C  [libsystem_pthread.dylib+0x32eb]  _pthread_body+0x7e
C  [libsystem_pthread.dylib+0x6249]  _pthread_start+0x42
C  [libsystem_pthread.dylib+0x240d]  thread_start+0xd
C  0x0000000000000000

Java frames: (J=compiled Java code, j=interpreted, Vv=VM code)
j  net.sf.clipsrules.jni.Environment.clear(J)V+0
j  net.sf.clipsrules.jni.Environment.clear()V+5
j  clips.proyecto.vista.Main$34.mouseClicked(Ljava/awt/event/MouseEvent;)V+414
j  java.awt.AWTEventMulticaster.mouseClicked(Ljava/awt/event/MouseEvent;)V+21
j  java.awt.Component.processMouseEvent(Ljava/awt/event/MouseEvent;)V+74
j  javax.swing.JComponent.processMouseEvent(Ljava/awt/event/MouseEvent;)V+23
J 1018 C1 java.awt.Component.processEvent(Ljava/awt/AWTEvent;)V (220 bytes) @ 0x000000011a8f2f1c [0x000000011a8f2a00+0x51c]
J 1017 C1 java.awt.Container.processEvent(Ljava/awt/AWTEvent;)V (22 bytes) @ 0x000000011a8f2544 [0x000000011a8f2220+0x324]
J 888 C1 java.awt.Component.dispatchEventImpl(Ljava/awt/AWTEvent;)V (921 bytes) @ 0x000000011a87c95c [0x000000011a877400+0x555c]
J 894 C1 java.awt.Container.dispatchEventImpl(Ljava/awt/AWTEvent;)V (129 bytes) @ 0x000000011a886aec [0x000000011a8869a0+0x14c]
J 1095 C1 java.awt.LightweightDispatcher.retargetMouseEvent(Ljava/awt/Component;ILjava/awt/event/MouseEvent;)V (372 bytes) @ 0x000000011a93be9c [0x000000011a9395a0+0x28fc]
J 1002 C1 java.awt.LightweightDispatcher.processMouseEvent(Ljava/awt/event/MouseEvent;)Z (286 bytes) @ 0x000000011a8c9af4 [0x000000011a8c8280+0x1874]
J 1016 C1 java.awt.LightweightDispatcher.dispatchEvent(Ljava/awt/AWTEvent;)Z (73 bytes) @ 0x000000011a8f1af4 [0x000000011a8f16c0+0x434]
J 894 C1 java.awt.Container.dispatchEventImpl(Ljava/awt/AWTEvent;)V (129 bytes) @ 0x000000011a886a8c [0x000000011a8869a0+0xec]
J 985 C1 java.awt.Window.dispatchEventImpl(Ljava/awt/AWTEvent;)V (23 bytes) @ 0x000000011a8b8e4c [0x000000011a8b8860+0x5ec]
J 948 C1 java.awt.EventQueue.dispatchEventImpl(Ljava/awt/AWTEvent;Ljava/lang/Object;)V (149 bytes) @ 0x000000011a8a2e64 [0x000000011a8a1600+0x1864]
J 880 C1 java.awt.EventQueue$3.run()Ljava/lang/Void; (60 bytes) @ 0x000000011a8720d4 [0x000000011a871ec0+0x214]
J 879 C1 java.awt.EventQueue$3.run()Ljava/lang/Object; (5 bytes) @ 0x000000011a871b4c [0x000000011a871ac0+0x8c]
v  ~StubRoutines::call_stub
J 707  java.security.AccessController.doPrivileged(Ljava/security/PrivilegedAction;Ljava/security/AccessControlContext;)Ljava/lang/Object; (0 bytes) @ 0x000000011a821523 [0x000000011a8214c0+0x63]
J 781 C1 java.awt.EventQueue$4.run()Ljava/lang/Object; (5 bytes) @ 0x000000011a8434ec [0x000000011a8430c0+0x42c]
v  ~StubRoutines::call_stub
J 707  java.security.AccessController.doPrivileged(Ljava/security/PrivilegedAction;Ljava/security/AccessControlContext;)Ljava/lang/Object; (0 bytes) @ 0x000000011a821523 [0x000000011a8214c0+0x63]
J 773 C1 java.awt.EventQueue.dispatchEvent(Ljava/awt/AWTEvent;)V (80 bytes) @ 0x000000011a83c5b4 [0x000000011a83b700+0xeb4]
J 775 C1 java.awt.EventDispatchThread.pumpOneEventForFilters(I)V (190 bytes) @ 0x000000011a83ec4c [0x000000011a83db00+0x114c]
j  java.awt.EventDispatchThread.pumpEventsForFilter(ILjava/awt/Conditional;Ljava/awt/EventFilter;)V+35
j  java.awt.EventDispatchThread.pumpEventsForHierarchy(ILjava/awt/Conditional;Ljava/awt/Component;)V+11
j  java.awt.EventDispatchThread.pumpEvents(ILjava/awt/Conditional;)V+4
j  java.awt.EventDispatchThread.pumpEvents(Ljava/awt/Conditional;)V+3
j  java.awt.EventDispatchThread.run()V+9
v  ~StubRoutines::call_stub

---------------  P R O C E S S  ---------------

Java Threads: ( => current thread )
  0x00007fab1499f000 JavaThread "TimerQueue" daemon [_thread_blocked, id=64275, stack(0x0000700004176000,0x0000700004276000)]
  0x00007fab14853800 JavaThread "Java2D Disposer" daemon [_thread_blocked, id=71455, stack(0x0000700003ff0000,0x00007000040f0000)]
  0x00007fab13108000 JavaThread "Java2D Queue Flusher" daemon [_thread_blocked, id=74255, stack(0x0000700003eed000,0x0000700003fed000)]
  0x00007fab15883000 JavaThread "DestroyJavaVM" [_thread_blocked, id=9731, stack(0x000070000228a000,0x000070000238a000)]
=>0x00007fab1586e000 JavaThread "AWT-EventQueue-0" [_thread_in_native, id=52491, stack(0x0000700003dea000,0x0000700003eea000)]
  0x00007fab15057800 JavaThread "AWT-Shutdown" [_thread_blocked, id=37931, stack(0x00007000037c9000,0x00007000038c9000)]
  0x00007fab14851000 JavaThread "AppKit Thread" daemon [_thread_in_native, id=775, stack(0x00007ffedffd2000,0x00007ffee07d2000)]
  0x00007fab14834000 JavaThread "Service Thread" daemon [_thread_blocked, id=21763, stack(0x00007000035c3000,0x00007000036c3000)]
  0x00007fab14821000 JavaThread "C1 CompilerThread3" daemon [_thread_blocked, id=15107, stack(0x00007000034c0000,0x00007000035c0000)]
  0x00007fab13810800 JavaThread "C2 CompilerThread2" daemon [_thread_blocked, id=15363, stack(0x00007000033bd000,0x00007000034bd000)]
  0x00007fab13810000 JavaThread "C2 CompilerThread1" daemon [_thread_blocked, id=15619, stack(0x00007000032ba000,0x00007000033ba000)]
  0x00007fab1380e000 JavaThread "C2 CompilerThread0" daemon [_thread_blocked, id=14083, stack(0x00007000031b7000,0x00007000032b7000)]
  0x00007fab1380d000 JavaThread "Signal Dispatcher" daemon [_thread_blocked, id=16387, stack(0x00007000030b4000,0x00007000031b4000)]
  0x00007fab15830000 JavaThread "Finalizer" daemon [_thread_blocked, id=17923, stack(0x0000700002fb1000,0x00007000030b1000)]
  0x00007fab1582f000 JavaThread "Reference Handler" daemon [_thread_blocked, id=18435, stack(0x0000700002eae000,0x0000700002fae000)]

Other Threads:
  0x00007fab15828800 VMThread [stack: 0x0000700002dab000,0x0000700002eab000] [id=12547]
  0x00007fab14834800 WatcherThread [stack: 0x00007000036c6000,0x00007000037c6000] [id=43267]

VM state:not at safepoint (normal execution)

VM Mutex/Monitor currently owned by a thread: None

Heap:
 PSYoungGen      total 76288K, used 36144K [0x000000076ab00000, 0x0000000770000000, 0x00000007c0000000)
  eden space 65536K, 55% used [0x000000076ab00000,0x000000076ce4c3c8,0x000000076eb00000)
  from space 10752K, 0% used [0x000000076f580000,0x000000076f580000,0x0000000770000000)
  to   space 10752K, 0% used [0x000000076eb00000,0x000000076eb00000,0x000000076f580000)
 ParOldGen       total 175104K, used 0K [0x00000006c0000000, 0x00000006cab00000, 0x000000076ab00000)
  object space 175104K, 0% used [0x00000006c0000000,0x00000006c0000000,0x00000006cab00000)
 Metaspace       used 12860K, capacity 13248K, committed 13312K, reserved 1060864K
  class space    used 1627K, capacity 1754K, committed 1792K, reserved 1048576K

Card table byte_map: [0x0000000112174000,0x0000000112975000] byte_map_base: 0x000000010eb74000

Marking Bits: (ParMarkBitMap*) 0x00000001116f9cd0
 Begin Bits: [0x0000000129595000, 0x000000012d595000)
 End Bits:   [0x000000012d595000, 0x0000000131595000)

Polling page: 0x000000010f4b1000

CodeCache: size=245760Kb used=5514Kb max_used=5526Kb free=240245Kb
 bounds [0x000000011a595000, 0x000000011ab05000, 0x0000000129595000]
 total_blobs=2183 nmethods=1628 adapters=468
 compilation: enabled

Compilation events (10 events):
Event: 27.339 Thread 0x00007fab14821000 nmethod 1624 0x000000011aaed490 code [0x000000011aaed860, 0x000000011aaf0768]
Event: 27.372 Thread 0x00007fab13810800 nmethod 1623 0x000000011aaf6c90 code [0x000000011aaf7000, 0x000000011aaf97e8]
Event: 27.426 Thread 0x00007fab14821000 1625  s    3       sun.font.CCharToGlyphMapper::charsToGlyphsNS (136 bytes)
Event: 27.427 Thread 0x00007fab14821000 nmethod 1625 0x000000011aaf5d90 code [0x000000011aaf5f60, 0x000000011aaf6858]
Event: 27.453 Thread 0x00007fab14821000 1626       3       sun.font.FontDesignMetrics::getAscent (10 bytes)
Event: 27.453 Thread 0x00007fab14821000 nmethod 1626 0x000000011aaf5a10 code [0x000000011aaf5b80, 0x000000011aaf5d10]
Event: 27.530 Thread 0x00007fab14821000 1627       1       java.awt.Rectangle::getX (6 bytes)
Event: 27.531 Thread 0x00007fab14821000 nmethod 1627 0x000000011aaf5750 code [0x000000011aaf58a0, 0x000000011aaf59b0]
Event: 27.567 Thread 0x00007fab14821000 1628   !   3       javax.swing.JComponent::putClientProperty (107 bytes)
Event: 27.568 Thread 0x00007fab14821000 nmethod 1628 0x000000011aaf4750 code [0x000000011aaf4960, 0x000000011aaf53b8]

GC Heap History (0 events):
No events

Deoptimization events (10 events):
Event: 2.046 Thread 0x00007fab1586e000 Uncommon trap: reason=unstable_if action=reinterpret pc=0x000000011a7d2d00 method=java.lang.String.toLowerCase(Ljava/util/Locale;)Ljava/lang/String; @ 85
Event: 2.098 Thread 0x00007fab1586e000 Uncommon trap: reason=unstable_if action=reinterpret pc=0x000000011a7b99a0 method=java.lang.CharacterData.of(I)Ljava/lang/CharacterData; @ 4
Event: 4.706 Thread 0x00007fab1586e000 Uncommon trap: reason=class_check action=maybe_recompile pc=0x000000011a6ffbd8 method=java.lang.String.equals(Ljava/lang/Object;)Z @ 8
Event: 4.706 Thread 0x00007fab1586e000 Uncommon trap: reason=class_check action=maybe_recompile pc=0x000000011a6ffbd8 method=java.lang.String.equals(Ljava/lang/Object;)Z @ 8
Event: 5.503 Thread 0x00007fab1586e000 Uncommon trap: reason=class_check action=maybe_recompile pc=0x000000011a6ffbd8 method=java.lang.String.equals(Ljava/lang/Object;)Z @ 8
Event: 5.503 Thread 0x00007fab1586e000 Uncommon trap: reason=class_check action=maybe_recompile pc=0x000000011a6ffbd8 method=java.lang.String.equals(Ljava/lang/Object;)Z @ 8
Event: 16.480 Thread 0x00007fab1586e000 Uncommon trap: reason=unstable_if action=reinterpret pc=0x000000011a9520b8 method=java.awt.Container.getMouseEventTargetImpl(IIZLjava/awt/Container$EventTargetFilter;ZZ)Ljava/awt/Component; @ 218
Event: 19.600 Thread 0x00007fab1586e000 Uncommon trap: reason=unstable_if action=reinterpret pc=0x000000011a97a5e0 method=java.awt.EventQueue.getPriority(Ljava/awt/AWTEvent;)I @ 71
Event: 19.626 Thread 0x00007fab1586e000 Uncommon trap: reason=unstable_if action=reinterpret pc=0x000000011a74d940 method=java.lang.String.replace(CC)Ljava/lang/String; @ 26
Event: 27.566 Thread 0x00007fab1586e000 Uncommon trap: reason=unstable_if action=reinterpret pc=0x000000011aa01204 method=java.awt.EventQueue.getPriority(Ljava/awt/AWTEvent;)I @ 22

Classes redefined (0 events):
No events

Internal exceptions (10 events):
Event: 0.023 Thread 0x00007fab15002000 Exception <a 'java/lang/NoSuchMethodError': Method sun.misc.Unsafe.defineClass(Ljava/lang/String;[BII)Ljava/lang/Class; name or signature does not match> (0x000000076ab07cb0) thrown at [/Users/java_re/workspace/8-2-build-macosx-x86_64/jdk8u181/11358/hotsp
Event: 0.023 Thread 0x00007fab15002000 Exception <a 'java/lang/NoSuchMethodError': Method sun.misc.Unsafe.prefetchRead(Ljava/lang/Object;J)V name or signature does not match> (0x000000076ab07f98) thrown at [/Users/java_re/workspace/8-2-build-macosx-x86_64/jdk8u181/11358/hotspot/src/share/vm/pr
Event: 0.068 Thread 0x00007fab15002000 Exception <a 'java/security/PrivilegedActionException'> (0x000000076ab95388) thrown at [/Users/java_re/workspace/8-2-build-macosx-x86_64/jdk8u181/11358/hotspot/src/share/vm/prims/jvm.cpp, line 1435]
Event: 0.068 Thread 0x00007fab15002000 Exception <a 'java/security/PrivilegedActionException'> (0x000000076ab95598) thrown at [/Users/java_re/workspace/8-2-build-macosx-x86_64/jdk8u181/11358/hotspot/src/share/vm/prims/jvm.cpp, line 1435]
Event: 0.068 Thread 0x00007fab15002000 Exception <a 'java/security/PrivilegedActionException'> (0x000000076ab988c8) thrown at [/Users/java_re/workspace/8-2-build-macosx-x86_64/jdk8u181/11358/hotspot/src/share/vm/prims/jvm.cpp, line 1435]
Event: 0.068 Thread 0x00007fab15002000 Exception <a 'java/security/PrivilegedActionException'> (0x000000076ab98ad8) thrown at [/Users/java_re/workspace/8-2-build-macosx-x86_64/jdk8u181/11358/hotspot/src/share/vm/prims/jvm.cpp, line 1435]
Event: 0.107 Thread 0x00007fab15002000 Exception <a 'java/lang/NoSuchFieldError': method resolution failed> (0x000000076adb7488) thrown at [/Users/java_re/workspace/8-2-build-macosx-x86_64/jdk8u181/11358/hotspot/src/share/vm/prims/methodHandles.cpp, line 1167]
Event: 0.109 Thread 0x00007fab15002000 Exception <a 'java/lang/NoSuchFieldError': method resolution failed> (0x000000076adc4c58) thrown at [/Users/java_re/workspace/8-2-build-macosx-x86_64/jdk8u181/11358/hotspot/src/share/vm/prims/methodHandles.cpp, line 1167]
Event: 0.277 Thread 0x00007fab15002000 Exception <a 'java/io/FileNotFoundException'> (0x000000076ae3f9f8) thrown at [/Users/java_re/workspace/8-2-build-macosx-x86_64/jdk8u181/11358/hotspot/src/share/vm/prims/jni.cpp, line 709]
Event: 0.277 Thread 0x00007fab15002000 Exception <a 'java/io/FileNotFoundException'> (0x000000076ae405a0) thrown at [/Users/java_re/workspace/8-2-build-macosx-x86_64/jdk8u181/11358/hotspot/src/share/vm/prims/jni.cpp, line 709]

Events (10 events):
Event: 19.639 loading class com/apple/laf/AquaRootPaneUI$DefaultButtonPainter done
Event: 27.564 loading class java/awt/KeyboardFocusManager$2
Event: 27.564 loading class java/awt/KeyboardFocusManager$2 done
Event: 27.564 loading class sun/awt/SunToolkit$1
Event: 27.564 loading class sun/awt/SunToolkit$1 done
Event: 27.566 Thread 0x00007fab1586e000 Uncommon trap: trap_request=0xffffff65 fr.pc=0x000000011aa01204
Event: 27.566 Thread 0x00007fab1586e000 DEOPT PACKING pc=0x000000011aa01204 sp=0x0000700003ee3bb0
Event: 27.566 Thread 0x00007fab1586e000 DEOPT UNPACKING pc=0x000000011a5da73a sp=0x0000700003ee3a40 mode 2
Event: 27.566 loading class java/awt/Window$1DisposeAction
Event: 27.566 loading class java/awt/Window$1DisposeAction done


Dynamic libraries:
0x00007fff53057000 	/System/Library/Frameworks/Cocoa.framework/Versions/A/Cocoa
0x00007fff5ed6f000 	/System/Library/Frameworks/Security.framework/Versions/A/Security
0x00007fff51cec000 	/System/Library/Frameworks/ApplicationServices.framework/Versions/A/ApplicationServices
0x00007fff7ee31000 	/usr/lib/libz.1.dylib
0x00007fff7c78b000 	/usr/lib/libSystem.B.dylib
0x00007fff7dfc2000 	/usr/lib/libobjc.A.dylib
0x00007fff5383f000 	/System/Library/Frameworks/CoreFoundation.framework/Versions/A/CoreFoundation
0x00007fff55ac1000 	/System/Library/Frameworks/Foundation.framework/Versions/C/Foundation
0x00007fff50ee5000 	/System/Library/Frameworks/AppKit.framework/Versions/C/AppKit
0x00007fff533d2000 	/System/Library/Frameworks/CoreData.framework/Versions/A/CoreData
0x00007fff7625e000 	/System/Library/PrivateFrameworks/RemoteViewServices.framework/Versions/A/RemoteViewServices
0x00007fff7a4cb000 	/System/Library/PrivateFrameworks/UIFoundation.framework/Versions/A/UIFoundation
0x00007fff7bbad000 	/System/Library/PrivateFrameworks/XCTTargetBootstrap.framework/Versions/A/XCTTargetBootstrap
0x00007fff53757000 	/System/Library/Frameworks/CoreDisplay.framework/Versions/A/CoreDisplay
0x00007fff70fb5000 	/System/Library/PrivateFrameworks/IconServices.framework/Versions/A/IconServices
0x00007fff583e5000 	/System/Library/Frameworks/Metal.framework/Versions/A/Metal
0x00007fff68530000 	/System/Library/PrivateFrameworks/DesktopServicesPriv.framework/Versions/A/DesktopServicesPriv
0x00007fff7d325000 	/usr/lib/libenergytrace.dylib
0x00007fff789b4000 	/System/Library/PrivateFrameworks/SkyLight.framework/Versions/A/SkyLight
0x00007fff53c85000 	/System/Library/Frameworks/CoreGraphics.framework/Versions/A/CoreGraphics
0x00007fff4fcb1000 	/System/Library/Frameworks/Accelerate.framework/Versions/A/Accelerate
0x00007fff56209000 	/System/Library/Frameworks/IOSurface.framework/Versions/A/IOSurface
0x00007fff6839c000 	/System/Library/PrivateFrameworks/DFRFoundation.framework/Versions/A/DFRFoundation
0x00007fff521cf000 	/System/Library/Frameworks/AudioToolbox.framework/Versions/A/AudioToolbox
0x00007fff52448000 	/System/Library/Frameworks/AudioUnit.framework/Versions/A/AudioUnit
0x00007fff68431000 	/System/Library/PrivateFrameworks/DataDetectorsCore.framework/Versions/A/DataDetectorsCore
0x00007fff52b5b000 	/System/Library/Frameworks/Carbon.framework/Versions/A/Frameworks/HIToolbox.framework/Versions/A/HIToolbox
0x00007fff7d47e000 	/usr/lib/libicucore.A.dylib
0x00007fff5e2e4000 	/System/Library/Frameworks/QuartzCore.framework/Versions/A/QuartzCore
0x00007fff52f2f000 	/System/Library/Frameworks/Carbon.framework/Versions/A/Frameworks/SpeechRecognition.framework/Versions/A/SpeechRecognition
0x00007fff7c8df000 	/usr/lib/libauto.dylib
0x00007fff7ed25000 	/usr/lib/libxml2.2.dylib
0x00007fff67f79000 	/System/Library/PrivateFrameworks/CoreUI.framework/Versions/A/CoreUI
0x00007fff532bd000 	/System/Library/Frameworks/CoreAudio.framework/Versions/A/CoreAudio
0x00007fff558f6000 	/System/Library/Frameworks/DiskArbitration.framework/Versions/A/DiskArbitration
0x00007fff7d72c000 	/usr/lib/liblangid.dylib
0x00007fff723c3000 	/System/Library/PrivateFrameworks/MultitouchSupport.framework/Versions/A/MultitouchSupport
0x00007fff56178000 	/System/Library/Frameworks/IOKit.framework/Versions/A/IOKit
0x00007fff7c34c000 	/usr/lib/libDiagnosticMessagesClient.dylib
0x00007fff54a94000 	/System/Library/Frameworks/CoreServices.framework/Versions/A/CoreServices
0x00007fff7406a000 	/System/Library/PrivateFrameworks/PerformanceAnalysis.framework/Versions/A/PerformanceAnalysis
0x00007fff5d4d2000 	/System/Library/Frameworks/OpenGL.framework/Versions/A/OpenGL
0x00007fff53065000 	/System/Library/Frameworks/ColorSync.framework/Versions/A/ColorSync
0x00007fff54316000 	/System/Library/Frameworks/CoreImage.framework/Versions/A/CoreImage
0x00007fff5546d000 	/System/Library/Frameworks/CoreText.framework/Versions/A/CoreText
0x00007fff5626c000 	/System/Library/Frameworks/ImageIO.framework/Versions/A/ImageIO
0x00007fff645ce000 	/System/Library/PrivateFrameworks/Backup.framework/Versions/A/Backup
0x00007fff7c832000 	/usr/lib/libarchive.2.dylib
0x00007fff527a0000 	/System/Library/Frameworks/CFNetwork.framework/Versions/A/CFNetwork
0x00007fff5f4c9000 	/System/Library/Frameworks/SystemConfiguration.framework/Versions/A/SystemConfiguration
0x00007fff7c27d000 	/usr/lib/libCRFSuite.dylib
0x00007fff7c9ce000 	/usr/lib/libc++.1.dylib
0x00007fff7ca22000 	/usr/lib/libc++abi.dylib
0x00007fff7f627000 	/usr/lib/system/libcache.dylib
0x00007fff7f62c000 	/usr/lib/system/libcommonCrypto.dylib
0x00007fff7f637000 	/usr/lib/system/libcompiler_rt.dylib
0x00007fff7f63f000 	/usr/lib/system/libcopyfile.dylib
0x00007fff7f649000 	/usr/lib/system/libcorecrypto.dylib
0x00007fff7f754000 	/usr/lib/system/libdispatch.dylib
0x00007fff7f78e000 	/usr/lib/system/libdyld.dylib
0x00007fff7f7bb000 	/usr/lib/system/libkeymgr.dylib
0x00007fff7f7c9000 	/usr/lib/system/liblaunch.dylib
0x00007fff7f7ca000 	/usr/lib/system/libmacho.dylib
0x00007fff7f7d0000 	/usr/lib/system/libquarantine.dylib
0x00007fff7f7d3000 	/usr/lib/system/libremovefile.dylib
0x00007fff7f7d5000 	/usr/lib/system/libsystem_asl.dylib
0x00007fff7f7ed000 	/usr/lib/system/libsystem_blocks.dylib
0x00007fff7f7ee000 	/usr/lib/system/libsystem_c.dylib
0x00007fff7f876000 	/usr/lib/system/libsystem_configuration.dylib
0x00007fff7f87a000 	/usr/lib/system/libsystem_coreservices.dylib
0x00007fff7f87e000 	/usr/lib/system/libsystem_darwin.dylib
0x00007fff7f885000 	/usr/lib/system/libsystem_dnssd.dylib
0x00007fff7f88c000 	/usr/lib/system/libsystem_info.dylib
0x00007fff7f901000 	/usr/lib/system/libsystem_m.dylib
0x00007fff7f94d000 	/usr/lib/system/libsystem_malloc.dylib
0x00007fff7f978000 	/usr/lib/system/libsystem_networkextension.dylib
0x00007fff7f983000 	/usr/lib/system/libsystem_notify.dylib
0x00007fff7f9a0000 	/usr/lib/system/libsystem_sandbox.dylib
0x00007fff7f9a4000 	/usr/lib/system/libsystem_secinit.dylib
0x00007fff7f8d8000 	/usr/lib/system/libsystem_kernel.dylib
0x00007fff7f98b000 	/usr/lib/system/libsystem_platform.dylib
0x00007fff7f995000 	/usr/lib/system/libsystem_pthread.dylib
0x00007fff7f9a7000 	/usr/lib/system/libsystem_symptoms.dylib
0x00007fff7f9af000 	/usr/lib/system/libsystem_trace.dylib
0x00007fff7f9c6000 	/usr/lib/system/libunwind.dylib
0x00007fff7f9cc000 	/usr/lib/system/libxpc.dylib
0x00007fff7c9af000 	/usr/lib/libbsm.0.dylib
0x00007fff7f7bc000 	/usr/lib/system/libkxld.dylib
0x00007fff639bf000 	/System/Library/PrivateFrameworks/AppleFSCompression.framework/Versions/A/AppleFSCompression
0x00007fff7c64b000 	/usr/lib/libOpenScriptingUtil.dylib
0x00007fff7ccd7000 	/usr/lib/libcoretls.dylib
0x00007fff7ccee000 	/usr/lib/libcoretls_cfhelpers.dylib
0x00007fff7e759000 	/usr/lib/libpam.2.dylib
0x00007fff7e919000 	/usr/lib/libsqlite3.dylib
0x00007fff7ed13000 	/usr/lib/libxar.1.dylib
0x00007fff7c9c0000 	/usr/lib/libbz2.1.0.dylib
0x00007fff7d72e000 	/usr/lib/liblzma.5.dylib
0x00007fff7dbdf000 	/usr/lib/libnetwork.dylib
0x00007fff7c81b000 	/usr/lib/libapple_nghttp2.dylib
0x00007fff7e760000 	/usr/lib/libpcap.A.dylib
0x00007fff54e33000 	/System/Library/Frameworks/CoreServices.framework/Versions/A/Frameworks/FSEvents.framework/Versions/A/FSEvents
0x00007fff54b12000 	/System/Library/Frameworks/CoreServices.framework/Versions/A/Frameworks/CarbonCore.framework/Versions/A/CarbonCore
0x00007fff54fef000 	/System/Library/Frameworks/CoreServices.framework/Versions/A/Frameworks/Metadata.framework/Versions/A/Metadata
0x00007fff5508e000 	/System/Library/Frameworks/CoreServices.framework/Versions/A/Frameworks/OSServices.framework/Versions/A/OSServices
0x00007fff550d9000 	/System/Library/Frameworks/CoreServices.framework/Versions/A/Frameworks/SearchKit.framework/Versions/A/SearchKit
0x00007fff54a95000 	/System/Library/Frameworks/CoreServices.framework/Versions/A/Frameworks/AE.framework/Versions/A/AE
0x00007fff54e3c000 	/System/Library/Frameworks/CoreServices.framework/Versions/A/Frameworks/LaunchServices.framework/Versions/A/LaunchServices
0x00007fff54dea000 	/System/Library/Frameworks/CoreServices.framework/Versions/A/Frameworks/DictionaryServices.framework/Versions/A/DictionaryServices
0x00007fff55141000 	/System/Library/Frameworks/CoreServices.framework/Versions/A/Frameworks/SharedFileList.framework/Versions/A/SharedFileList
0x00007fff594ad000 	/System/Library/Frameworks/NetFS.framework/Versions/A/NetFS
0x00007fff72629000 	/System/Library/PrivateFrameworks/NetAuth.framework/Versions/A/NetAuth
0x00007fff7bfb1000 	/System/Library/PrivateFrameworks/login.framework/Versions/A/Frameworks/loginsupport.framework/Versions/A/loginsupport
0x00007fff7a0d4000 	/System/Library/PrivateFrameworks/TCC.framework/Versions/A/TCC
0x00007fff675d6000 	/System/Library/PrivateFrameworks/CoreNLP.framework/Versions/A/CoreNLP
0x00007fff720bc000 	/System/Library/PrivateFrameworks/MetadataUtilities.framework/Versions/A/MetadataUtilities
0x00007fff7d803000 	/usr/lib/libmecabra.dylib
0x00007fff51ced000 	/System/Library/Frameworks/ApplicationServices.framework/Versions/A/Frameworks/ATS.framework/Versions/A/ATS
0x00007fff5203c000 	/System/Library/Frameworks/ApplicationServices.framework/Versions/A/Frameworks/ColorSyncLegacy.framework/Versions/A/ColorSyncLegacy
0x00007fff520db000 	/System/Library/Frameworks/ApplicationServices.framework/Versions/A/Frameworks/HIServices.framework/Versions/A/HIServices
0x00007fff5212e000 	/System/Library/Frameworks/ApplicationServices.framework/Versions/A/Frameworks/LangAnalysis.framework/Versions/A/LangAnalysis
0x00007fff5213e000 	/System/Library/Frameworks/ApplicationServices.framework/Versions/A/Frameworks/PrintCore.framework/Versions/A/PrintCore
0x00007fff52188000 	/System/Library/Frameworks/ApplicationServices.framework/Versions/A/Frameworks/QD.framework/Versions/A/QD
0x00007fff521c2000 	/System/Library/Frameworks/ApplicationServices.framework/Versions/A/Frameworks/SpeechSynthesis.framework/Versions/A/SpeechSynthesis
0x00007fff7ca4a000 	/usr/lib/libcompression.dylib
0x00007fff586b5000 	/System/Library/Frameworks/MetalPerformanceShaders.framework/Versions/A/MetalPerformanceShaders
0x00007fff4fcc9000 	/System/Library/Frameworks/Accelerate.framework/Versions/A/Frameworks/vImage.framework/Versions/A/vImage
0x00007fff50d43000 	/System/Library/Frameworks/Accelerate.framework/Versions/A/Frameworks/vecLib.framework/Versions/A/vecLib
0x00007fff50c8f000 	/System/Library/Frameworks/Accelerate.framework/Versions/A/Frameworks/vecLib.framework/Versions/A/libvMisc.dylib
0x00007fff50aa7000 	/System/Library/Frameworks/Accelerate.framework/Versions/A/Frameworks/vecLib.framework/Versions/A/libvDSP.dylib
0x00007fff50363000 	/System/Library/Frameworks/Accelerate.framework/Versions/A/Frameworks/vecLib.framework/Versions/A/libBLAS.dylib
0x00007fff50650000 	/System/Library/Frameworks/Accelerate.framework/Versions/A/Frameworks/vecLib.framework/Versions/A/libLAPACK.dylib
0x00007fff509fa000 	/System/Library/Frameworks/Accelerate.framework/Versions/A/Frameworks/vecLib.framework/Versions/A/libLinearAlgebra.dylib
0x00007fff50a93000 	/System/Library/Frameworks/Accelerate.framework/Versions/A/Frameworks/vecLib.framework/Versions/A/libSparseBLAS.dylib
0x00007fff50a10000 	/System/Library/Frameworks/Accelerate.framework/Versions/A/Frameworks/vecLib.framework/Versions/A/libQuadrature.dylib
0x00007fff505dd000 	/System/Library/Frameworks/Accelerate.framework/Versions/A/Frameworks/vecLib.framework/Versions/A/libBNNS.dylib
0x00007fff50a16000 	/System/Library/Frameworks/Accelerate.framework/Versions/A/Frameworks/vecLib.framework/Versions/A/libSparse.dylib
0x00007fff6e918000 	/System/Library/PrivateFrameworks/GPUWrangler.framework/Versions/A/GPUWrangler
0x00007fff70bea000 	/System/Library/PrivateFrameworks/IOAccelerator.framework/Versions/A/IOAccelerator
0x00007fff70bf5000 	/System/Library/PrivateFrameworks/IOPresentment.framework/Versions/A/IOPresentment
0x00007fff683ac000 	/System/Library/PrivateFrameworks/DSExternalDisplay.framework/Versions/A/DSExternalDisplay
0x00007fff5c929000 	/System/Library/Frameworks/OpenGL.framework/Versions/A/Libraries/libCoreFSCache.dylib
0x00007fff584a9000 	/System/Library/Frameworks/MetalPerformanceShaders.framework/Frameworks/MPSCore.framework/Versions/A/MPSCore
0x00007fff584c9000 	/System/Library/Frameworks/MetalPerformanceShaders.framework/Frameworks/MPSImage.framework/Versions/A/MPSImage
0x00007fff5856e000 	/System/Library/Frameworks/MetalPerformanceShaders.framework/Frameworks/MPSNeuralNetwork.framework/Versions/A/MPSNeuralNetwork
0x00007fff58546000 	/System/Library/Frameworks/MetalPerformanceShaders.framework/Frameworks/MPSMatrix.framework/Versions/A/MPSMatrix
0x00007fff5869a000 	/System/Library/Frameworks/MetalPerformanceShaders.framework/Frameworks/MPSRayIntersector.framework/Versions/A/MPSRayIntersector
0x00007fff720e5000 	/System/Library/PrivateFrameworks/MetalTools.framework/Versions/A/MetalTools
0x00007fff6326c000 	/System/Library/PrivateFrameworks/AggregateDictionary.framework/Versions/A/AggregateDictionary
0x00007fff7c62c000 	/usr/lib/libMobileGestalt.dylib
0x00007fff555d0000 	/System/Library/Frameworks/CoreVideo.framework/Versions/A/CoreVideo
0x00007fff6f728000 	/System/Library/PrivateFrameworks/GraphVisualizer.framework/Versions/A/GraphVisualizer
0x00007fff695a8000 	/System/Library/PrivateFrameworks/FaceCore.framework/Versions/A/FaceCore
0x00007fff5bf57000 	/System/Library/Frameworks/OpenCL.framework/Versions/A/OpenCL
0x00007fff7c384000 	/usr/lib/libFosl_dynamic.dylib
0x00007fff72e94000 	/System/Library/PrivateFrameworks/OTSVG.framework/Versions/A/OTSVG
0x00007fff51df1000 	/System/Library/Frameworks/ApplicationServices.framework/Versions/A/Frameworks/ATS.framework/Versions/A/Resources/libFontParser.dylib
0x00007fff51f09000 	/System/Library/Frameworks/ApplicationServices.framework/Versions/A/Frameworks/ATS.framework/Versions/A/Resources/libFontRegistry.dylib
0x00007fff564da000 	/System/Library/Frameworks/ImageIO.framework/Versions/A/Resources/libJPEG.dylib
0x00007fff567ec000 	/System/Library/Frameworks/ImageIO.framework/Versions/A/Resources/libTIFF.dylib
0x00007fff567c2000 	/System/Library/Frameworks/ImageIO.framework/Versions/A/Resources/libPng.dylib
0x00007fff563f8000 	/System/Library/Frameworks/ImageIO.framework/Versions/A/Resources/libGIF.dylib
0x00007fff563fd000 	/System/Library/Frameworks/ImageIO.framework/Versions/A/Resources/libJP2.dylib
0x00007fff567e9000 	/System/Library/Frameworks/ImageIO.framework/Versions/A/Resources/libRadiance.dylib
0x00007fff63b16000 	/System/Library/PrivateFrameworks/AppleJPEG.framework/Versions/A/AppleJPEG
0x00007fff5c934000 	/System/Library/Frameworks/OpenGL.framework/Versions/A/Libraries/libGFXShared.dylib
0x00007fff5caf7000 	/System/Library/Frameworks/OpenGL.framework/Versions/A/Libraries/libGLU.dylib
0x00007fff5c93d000 	/System/Library/Frameworks/OpenGL.framework/Versions/A/Libraries/libGL.dylib
0x00007fff5c949000 	/System/Library/Frameworks/OpenGL.framework/Versions/A/Libraries/libGLImage.dylib
0x00007fff5c926000 	/System/Library/Frameworks/OpenGL.framework/Versions/A/Libraries/libCVMSPluginSupport.dylib
0x00007fff5c92f000 	/System/Library/Frameworks/OpenGL.framework/Versions/A/Libraries/libCoreVMClient.dylib
0x00007fff7d19b000 	/usr/lib/libcups.2.dylib
0x00007fff579b0000 	/System/Library/Frameworks/Kerberos.framework/Versions/A/Kerberos
0x00007fff55edd000 	/System/Library/Frameworks/GSS.framework/Versions/A/GSS
0x00007fff7e8ae000 	/usr/lib/libresolv.9.dylib
0x00007fff7d38d000 	/usr/lib/libiconv.2.dylib
0x00007fff6f887000 	/System/Library/PrivateFrameworks/Heimdal.framework/Versions/A/Heimdal
0x00007fff7d35d000 	/usr/lib/libheimdal-asn1.dylib
0x00007fff5bfcb000 	/System/Library/Frameworks/OpenDirectory.framework/Versions/A/OpenDirectory
0x00007fff6633b000 	/System/Library/PrivateFrameworks/CommonAuth.framework/Versions/A/CommonAuth
0x00007fff5bfaf000 	/System/Library/Frameworks/OpenDirectory.framework/Versions/A/Frameworks/CFOpenDirectory.framework/Versions/A/CFOpenDirectory
0x00007fff5f06f000 	/System/Library/Frameworks/SecurityFoundation.framework/Versions/A/SecurityFoundation
0x00007fff627b5000 	/System/Library/PrivateFrameworks/APFS.framework/Versions/A/APFS
0x00007fff7ed0f000 	/usr/lib/libutil.dylib
0x00007fff7ca38000 	/usr/lib/libcharset.1.dylib
0x00007fff63db3000 	/System/Library/PrivateFrameworks/AppleSauce.framework/Versions/A/AppleSauce
0x00007fff63f34000 	/System/Library/PrivateFrameworks/AssertionServices.framework/Versions/A/AssertionServices
0x00007fff64664000 	/System/Library/PrivateFrameworks/BaseBoard.framework/Versions/A/BaseBoard
0x00007fff7d75e000 	/usr/lib/libmecab.1.0.0.dylib
0x00007fff7d357000 	/usr/lib/libgermantok.dylib
0x00007fff7c808000 	/usr/lib/libThaiTokenizer.dylib
0x00007fff7c2b4000 	/usr/lib/libChineseTokenizer.dylib
0x00007fff712a3000 	/System/Library/PrivateFrameworks/LanguageModeling.framework/Versions/A/LanguageModeling
0x00007fff6701c000 	/System/Library/PrivateFrameworks/CoreEmoji.framework/Versions/A/CoreEmoji
0x00007fff7137f000 	/System/Library/PrivateFrameworks/Lexicon.framework/Versions/A/Lexicon
0x00007fff713c2000 	/System/Library/PrivateFrameworks/LinguisticData.framework/Versions/A/LinguisticData
0x00007fff7ca39000 	/usr/lib/libcmph.dylib
0x00007fff5f12d000 	/System/Library/Frameworks/ServiceManagement.framework/Versions/A/ServiceManagement
0x00007fff645c5000 	/System/Library/PrivateFrameworks/BackgroundTaskManagement.framework/Versions/A/BackgroundTaskManagement
0x00007fff7ee08000 	/usr/lib/libxslt.1.dylib
0x00007fff52e5c000 	/System/Library/Frameworks/Carbon.framework/Versions/A/Frameworks/Ink.framework/Versions/A/Ink
0x00007fff7a346000 	/System/Library/PrivateFrameworks/TextureIO.framework/Versions/A/TextureIO
0x00007fff7c85c000 	/usr/lib/libate.dylib
0x00007fff682fb000 	/System/Library/PrivateFrameworks/CrashReporterSupport.framework/Versions/A/CrashReporterSupport
0x00007fff77a85000 	/System/Library/PrivateFrameworks/Sharing.framework/Versions/A/Sharing
0x00007fff64317000 	/System/Library/PrivateFrameworks/AuthKit.framework/Versions/A/AuthKit
0x00007fff6386b000 	/System/Library/PrivateFrameworks/Apple80211.framework/Versions/A/Apple80211
0x00007fff680a5000 	/System/Library/PrivateFrameworks/CoreUtils.framework/Versions/A/CoreUtils
0x00007fff55610000 	/System/Library/Frameworks/CoreWLAN.framework/Versions/A/CoreWLAN
0x00007fff5600c000 	/System/Library/Frameworks/IOBluetooth.framework/Versions/A/IOBluetooth
0x00007fff75f09000 	/System/Library/PrivateFrameworks/ProtocolBuffer.framework/Versions/A/ProtocolBuffer
0x00007fff7231f000 	/System/Library/PrivateFrameworks/MobileKeyBag.framework/Versions/A/MobileKeyBag
0x00007fff678e9000 	/System/Library/PrivateFrameworks/CorePhoneNumbers.framework/Versions/A/CorePhoneNumbers
0x00007fff63aca000 	/System/Library/PrivateFrameworks/AppleIDAuthSupport.framework/Versions/A/AppleIDAuthSupport
0x00007fff71276000 	/System/Library/PrivateFrameworks/KeychainCircle.framework/Versions/A/KeychainCircle
0x00007fff760bf000 	/System/Library/PrivateFrameworks/ROCKit.framework/Versions/A/ROCKit
0x00007fff68297000 	/System/Library/PrivateFrameworks/CoreWiFi.framework/Versions/A/CoreWiFi
0x00007fff533a7000 	/System/Library/Frameworks/CoreBluetooth.framework/Versions/A/CoreBluetooth
0x00007fff684f2000 	/System/Library/PrivateFrameworks/DebugSymbols.framework/Versions/A/DebugSymbols
0x00007fff67e65000 	/System/Library/PrivateFrameworks/CoreSymbolication.framework/Versions/A/CoreSymbolication
0x00007fff79b61000 	/System/Library/PrivateFrameworks/Symbolication.framework/Versions/A/Symbolication
0x00007fff79404000 	/System/Library/PrivateFrameworks/SpeechRecognitionCore.framework/Versions/A/SpeechRecognitionCore
0x0000000110e00000 	/Library/Java/JavaVirtualMachines/jdk1.8.0_181.jdk/Contents/Home/jre/lib/server/libjvm.dylib
0x00007fff7ebea000 	/usr/lib/libstdc++.6.dylib
0x000000010f46d000 	/Library/Java/JavaVirtualMachines/jdk1.8.0_181.jdk/Contents/Home/jre/lib/libverify.dylib
0x000000010f47b000 	/Library/Java/JavaVirtualMachines/jdk1.8.0_181.jdk/Contents/Home/jre/lib/libjava.dylib
0x000000010f4fb000 	/Library/Java/JavaVirtualMachines/jdk1.8.0_181.jdk/Contents/Home/jre/lib/libzip.dylib
0x0000000116414000 	/Library/Java/JavaVirtualMachines/jdk1.8.0_181.jdk/Contents/Home/jre/lib/libawt.dylib
0x00000001164be000 	/Library/Java/JavaVirtualMachines/jdk1.8.0_181.jdk/Contents/Home/jre/lib/./libmlib_image.dylib
0x00007fff57999000 	/System/Library/Frameworks/JavaVM.framework/Versions/A/Frameworks/JavaNativeFoundation.framework/Versions/A/JavaNativeFoundation
0x00007fff579a2000 	/System/Library/Frameworks/JavaVM.framework/Versions/A/Frameworks/JavaRuntimeSupport.framework/Versions/A/JavaRuntimeSupport
0x00007fff579ab000 	/System/Library/Frameworks/JavaVM.framework/Versions/A/JavaVM
0x00007fff71194000 	/System/Library/PrivateFrameworks/JavaLaunching.framework/Versions/A/JavaLaunching
0x00007fff52b56000 	/System/Library/Frameworks/Carbon.framework/Versions/A/Carbon
0x00007fff52b57000 	/System/Library/Frameworks/Carbon.framework/Versions/A/Frameworks/CommonPanels.framework/Versions/A/CommonPanels
0x00007fff52e52000 	/System/Library/Frameworks/Carbon.framework/Versions/A/Frameworks/Help.framework/Versions/A/Help
0x00007fff52e56000 	/System/Library/Frameworks/Carbon.framework/Versions/A/Frameworks/ImageCapture.framework/Versions/A/ImageCapture
0x00007fff52ef2000 	/System/Library/Frameworks/Carbon.framework/Versions/A/Frameworks/OpenScripting.framework/Versions/A/OpenScripting
0x00007fff52f2a000 	/System/Library/Frameworks/Carbon.framework/Versions/A/Frameworks/Print.framework/Versions/A/Print
0x00007fff52f2c000 	/System/Library/Frameworks/Carbon.framework/Versions/A/Frameworks/SecurityHI.framework/Versions/A/SecurityHI
0x000000011658a000 	/Library/Java/JavaVirtualMachines/jdk1.8.0_181.jdk/Contents/Home/jre/lib/libawt_lwawt.dylib
0x0000000116644000 	/Library/Java/JavaVirtualMachines/jdk1.8.0_181.jdk/Contents/Home/jre/lib/./libosxapp.dylib
0x00007fff55a9a000 	/System/Library/Frameworks/ExceptionHandling.framework/Versions/A/ExceptionHandling
0x00007fff67a6d000 	/System/Library/PrivateFrameworks/CoreServicesInternal.framework/Versions/A/CoreServicesInternal
0x00007fff48054000 	/System/Library/CoreServices/RawCamera.bundle/Contents/MacOS/RawCamera
0x00007fff72188000 	/System/Library/PrivateFrameworks/MobileAsset.framework/Versions/A/MobileAsset
0x00007fff79aaf000 	/System/Library/PrivateFrameworks/StreamingZip.framework/Versions/A/StreamingZip
0x00007fff57d3d000 	/System/Library/Frameworks/MediaToolbox.framework/Versions/A/MediaToolbox
0x00007fff66bc1000 	/System/Library/PrivateFrameworks/CoreAVCHD.framework/Versions/A/CoreAVCHD
0x00007fff57c83000 	/System/Library/Frameworks/MediaAccessibility.framework/Versions/A/MediaAccessibility
0x00007fff71be5000 	/System/Library/PrivateFrameworks/Mangrove.framework/Versions/A/Mangrove
0x00007fff54933000 	/System/Library/Frameworks/CoreMedia.framework/Versions/A/CoreMedia
0x00007fff5f795000 	/System/Library/Frameworks/VideoToolbox.framework/Versions/A/VideoToolbox
0x00007fff667dd000 	/System/Library/PrivateFrameworks/CoreAUC.framework/Versions/A/CoreAUC
0x00007fff7e917000 	/usr/lib/libspindump.dylib
0x00007fff63e99000 	/System/Library/PrivateFrameworks/AppleVA.framework/Versions/A/AppleVA
0x00007fff4fcb2000 	/System/Library/Frameworks/Accelerate.framework/Versions/A/Frameworks/vImage.framework/Versions/A/Libraries/libCGInterfaces.dylib
0x00007fff51fa5000 	/System/Library/Frameworks/ApplicationServices.framework/Versions/A/Frameworks/ATS.framework/Versions/A/Resources/libTrueTypeScaler.dylib
0x00007fff483b0000 	/System/Library/Extensions/AMDMTLBronzeDriver.bundle/Contents/MacOS/AMDMTLBronzeDriver
0x00007fff70be0000 	/System/Library/PrivateFrameworks/IOAccelMemoryInfo.framework/Versions/A/IOAccelMemoryInfo
0x00007fff4ce74000 	/System/Library/Extensions/AppleIntelKBLGraphicsMTLDriver.bundle/Contents/MacOS/AppleIntelKBLGraphicsMTLDriver
0x00007fff6d277000 	/System/Library/PrivateFrameworks/GPUCompiler.framework/Versions/3902/Libraries/libmetal_timestamp.dylib
0x00007fff699cd000 	/System/Library/PrivateFrameworks/FamilyControls.framework/Versions/A/FamilyControls
0x00007fff6632e000 	/System/Library/PrivateFrameworks/CommerceKit.framework/Versions/A/Frameworks/CommerceCore.framework/Versions/A/CommerceCore
0x00007fff79e34000 	/System/Library/PrivateFrameworks/SystemAdministration.framework/Versions/A/SystemAdministration
0x00007fff6376c000 	/System/Library/PrivateFrameworks/AppContainer.framework/Versions/A/AppContainer
0x00007fff63788000 	/System/Library/PrivateFrameworks/AppSandbox.framework/Versions/A/AppSandbox
0x00007fff77926000 	/System/Library/PrivateFrameworks/SecCodeWrapper.framework/Versions/A/SecCodeWrapper
0x00007fff7e8c8000 	/usr/lib/libsandbox.1.dylib
0x00007fff7c5fb000 	/usr/lib/libMatch.1.dylib
0x00007fff68877000 	/System/Library/PrivateFrameworks/DiskManagement.framework/Versions/A/DiskManagement
0x00007fff55816000 	/System/Library/Frameworks/DirectoryService.framework/Versions/A/DirectoryService
0x00007fff687a8000 	/System/Library/PrivateFrameworks/DiskImages.framework/Versions/A/DiskImages
0x00007fff714bb000 	/System/Library/PrivateFrameworks/LoginUIKit.framework/Versions/A/Frameworks/LoginUICore.framework/Versions/A/LoginUICore
0x00007fff7c2bf000 	/usr/lib/libCoreStorage.dylib
0x00007fff7d188000 	/usr/lib/libcsfde.dylib
0x00007fff7e748000 	/usr/lib/libodfde.dylib
0x00007fff71cfd000 	/System/Library/PrivateFrameworks/MediaKit.framework/Versions/A/MediaKit
0x00007fff55822000 	/System/Library/Frameworks/DiscRecording.framework/Versions/A/DiscRecording
0x00007fff689e9000 	/System/Library/PrivateFrameworks/EFILogin.framework/Versions/A/EFILogin
0x00007fff75eb4000 	/System/Library/PrivateFrameworks/ProtectedCloudStorage.framework/Versions/A/ProtectedCloudStorage
0x00007fff7d21a000 	/usr/lib/libcurl.4.dylib
0x00007fff7d087000 	/usr/lib/libcrypto.42.dylib
0x00007fff7ebba000 	/usr/lib/libssl.44.dylib
0x00007fff579ca000 	/System/Library/Frameworks/LDAP.framework/Versions/A/LDAP
0x00007fff7a4c4000 	/System/Library/PrivateFrameworks/TrustEvaluationAgent.framework/Versions/A/TrustEvaluationAgent
0x00007fff7e904000 	/usr/lib/libsasl2.2.dylib
0x00007fff66e19000 	/System/Library/PrivateFrameworks/CoreDaemon.framework/Versions/B/CoreDaemon
0x00007fff63dae000 	/System/Library/PrivateFrameworks/AppleSRP.framework/Versions/A/AppleSRP
0x00007fff7b2fd000 	/System/Library/PrivateFrameworks/ViewBridge.framework/Versions/A/ViewBridge
0x0000000119810000 	/usr/lib/libobjc-trampolines.dylib
0x0000000131f23000 	/Library/Java/JavaVirtualMachines/jdk1.8.0_181.jdk/Contents/Home/jre/lib/libfontmanager.dylib
0x00007fff5d4e2000 	/System/Library/Frameworks/OpenGL.framework/Versions/A/Resources/GLEngine.bundle/GLEngine
0x00007fff5c984000 	/System/Library/Frameworks/OpenGL.framework/Versions/A/Libraries/libGLProgrammability.dylib
0x00007fff4c09f000 	/System/Library/Extensions/AppleIntelKBLGraphicsGLDriver.bundle/Contents/MacOS/AppleIntelKBLGraphicsGLDriver
0x00007fff6e90c000 	/System/Library/PrivateFrameworks/GPUSupport.framework/Versions/A/Libraries/libGPUSupportMercury.dylib
0x0000000131f8e000 	/System/Library/Extensions/AMDRadeonX4000GLDriver.bundle/Contents/MacOS/AMDRadeonX4000GLDriver
0x00007fff484bc000 	/System/Library/Extensions/AMDRadeonX4000GLDriver.bundle/Contents/MacOS/ATIRadeonX4000SCLib.dylib
0x00007fff5d67a000 	/System/Library/Frameworks/OpenGL.framework/Versions/A/Resources/GLRendererFloat.bundle/GLRendererFloat
0x00007fff5bf4e000 	/System/Library/Frameworks/OpenCL.framework/Versions/A/Libraries/libcldcpuengine.dylib
0x00007fff7ce8d000 	/usr/lib/libcrypto.35.dylib
0x00000001322b4000 	/Library/Java/JavaVirtualMachines/jdk1.8.0_181.jdk/Contents/Home/jre/lib/libosxui.dylib
0x0000000132cd9000 	/Users/oscartenesaca/eclipse-workspace/SEClipsProyecto/libCLIPSJNI.jnilib
0x0000000134941000 	/Library/Java/JavaVirtualMachines/jdk1.8.0_181.jdk/Contents/Home/jre/lib/libnet.dylib
0x000000011a3ae000 	/Library/Java/JavaVirtualMachines/jdk1.8.0_181.jdk/Contents/Home/jre/lib/libnio.dylib
0x00007fff7bfb4000 	/System/Library/PrivateFrameworks/login.framework/Versions/A/login

VM Arguments:
jvm_args: -Dfile.encoding=UTF-8 
java_command: clips.proyecto.vista.Main
java_class_path (initial): /Users/oscartenesaca/eclipse-workspace/SEClipsProyecto/bin:/Users/oscartenesaca/eclipse-workspace/SEClipsProyecto/CLIPSJNI.jar
Launcher Type: SUN_STANDARD

Environment Variables:
PATH=/usr/bin:/bin:/usr/sbin:/sbin
SHELL=/bin/bash

Signal Handlers:
SIGSEGV: [libjvm.dylib+0x5b6029], sa_mask[0]=11111111011111110111111111111111, sa_flags=SA_ONSTACK|SA_RESTART|SA_SIGINFO
SIGBUS: [libjvm.dylib+0x5b6029], sa_mask[0]=11111111011111110111111111111111, sa_flags=SA_RESTART|SA_SIGINFO
SIGFPE: [libjvm.dylib+0x48b934], sa_mask[0]=11111111011111110111111111111111, sa_flags=SA_RESTART|SA_SIGINFO
SIGPIPE: [libjvm.dylib+0x48b934], sa_mask[0]=11111111011111110111111111111111, sa_flags=SA_RESTART|SA_SIGINFO
SIGXFSZ: [libjvm.dylib+0x48b934], sa_mask[0]=11111111011111110111111111111111, sa_flags=SA_RESTART|SA_SIGINFO
SIGILL: [libjvm.dylib+0x48b934], sa_mask[0]=11111111011111110111111111111111, sa_flags=SA_RESTART|SA_SIGINFO
SIGUSR1: SIG_DFL, sa_mask[0]=00000000000000000000000000000000, sa_flags=none
SIGUSR2: [libjvm.dylib+0x48b452], sa_mask[0]=00100000000000000000000000000000, sa_flags=SA_RESTART|SA_SIGINFO
SIGHUP: [libjvm.dylib+0x489a1d], sa_mask[0]=11111111011111110111111111111111, sa_flags=SA_RESTART|SA_SIGINFO
SIGINT: [libjvm.dylib+0x489a1d], sa_mask[0]=11111111011111110111111111111111, sa_flags=SA_RESTART|SA_SIGINFO
SIGTERM: [libjvm.dylib+0x489a1d], sa_mask[0]=11111111011111110111111111111111, sa_flags=SA_RESTART|SA_SIGINFO
SIGQUIT: [libjvm.dylib+0x489a1d], sa_mask[0]=11111111011111110111111111111111, sa_flags=SA_RESTART|SA_SIGINFO


---------------  S Y S T E M  ---------------

OS:Bsduname:Darwin 18.6.0 Darwin Kernel Version 18.6.0: Thu Apr 25 23:16:27 PDT 2019; root:xnu-4903.261.4~2/RELEASE_X86_64 x86_64
rlimit: STACK 8192k, CORE 0k, NPROC 1418, NOFILE 10240, AS infinity
load average:1.50 1.14 0.91

CPU:total 12 (initial active 12) (6 cores per cpu, 2 threads per core) family 6 model 158 stepping 10, cmov, cx8, fxsr, mmx, sse, sse2, sse3, ssse3, sse4.1, sse4.2, popcnt, avx, avx2, aes, clmul, erms, rtm, 3dnowpref, lzcnt, ht, tsc, tscinvbit, bmi1, bmi2, adx

Memory: 4k page, physical 16777216k(3811596k free)

/proc/meminfo:


vm_info: Java HotSpot(TM) 64-Bit Server VM (25.181-b13) for bsd-amd64 JRE (1.8.0_181-b13), built on Jul  7 2018 01:02:31 by "java_re" with gcc 4.2.1 (Based on Apple Inc. build 5658) (LLVM build 2336.11.00)

time: Thu Jun  6 10:53:40 2019
elapsed time: 27 seconds (0d 0h 0m 27s)

