#
# A fatal error has been detected by the Java Runtime Environment:
#
#  SIGSEGV (0xb) at pc=0x0000000130295ff4, pid=741, tid=0x000000000000be0b
#
# JRE version: Java(TM) SE Runtime Environment (8.0_181-b13) (build 1.8.0_181-b13)
# Java VM: Java HotSpot(TM) 64-Bit Server VM (25.181-b13 mixed mode bsd-amd64 compressed oops)
# Problematic frame:
# C  [libCLIPSJNI.jnilib+0x1eff4]  EnvReset+0x14
#
# Failed to write core dump. Core dumps have been disabled. To enable core dumping, try "ulimit -c unlimited" before starting Java again
#
# If you would like to submit a bug report, please visit:
#   http://bugreport.java.com/bugreport/crash.jsp
# The crash happened outside the Java Virtual Machine in native code.
# See problematic frame for where to report the bug.
#

---------------  T H R E A D  ---------------

Current thread (0x00007fc2588b5800):  JavaThread "AWT-EventQueue-0" [_thread_in_native, id=48651, stack(0x000070000893d000,0x0000700008a3d000)]

siginfo: si_signo: 11 (SIGSEGV), si_code: 0 (unknown), si_addr: 0x0000000000000000

Registers:
RAX=0x00007fc255444ff0, RBX=0x000000012878cb90, RCX=0x0000000000000010, RDX=0x00007fc2588b59f8
RSP=0x0000700008a3a7b0, RBP=0x0000700008a3a7e0, RSI=0x00007fc2588b59f8, RDI=0x0058018000000000
R8 =0x0000000000000000, R9 =0x000000076ab1b628, R10=0x000000010f7cc63b, R11=0x000000010ece8867
R12=0x0000000000000000, R13=0x000000012878cb90, R14=0x0000700008a3a8c0, R15=0x00007fc2588b5800
RIP=0x0000000130295ff4, EFLAGS=0x0000000000010202, ERR=0x0000000000000000
  TRAPNO=0x000000000000000d

Top of Stack: (sp=0x0000700008a3a7b0)
0x0000700008a3a7b0:   000000010f7bc2bd 000000076ab1b920
0x0000700008a3a7c0:   0000000000000001 0000000000000000
0x0000700008a3a7d0:   00007fc2588b59f8 00007fc255444ff0
0x0000700008a3a7e0:   0000700008a3a820 0000000130380991
0x0000700008a3a7f0:   0000000000000000 00000001282146e8
0x0000700008a3a800:   0000000000000000 00007fc255444ff0
0x0000700008a3a810:   0000700008a3a8c0 00007fc2588b59f8
0x0000700008a3a820:   0000700008a3a890 000000010f7cc667
0x0000700008a3a830:   0000000000000000 0000700008a3a828
0x0000700008a3a840:   0000000128211aac 0000700008a3a898
0x0000700008a3a850:   0000700008a3a850 0000000000000000
0x0000700008a3a860:   0000700008a3a8c0 000000012878f558
0x0000700008a3a870:   0000000000000000 000000012878cb90
0x0000700008a3a880:   0000000000000000 0000700008a3a8b0
0x0000700008a3a890:   0000700008a3a908 000000010f7bc2bd
0x0000700008a3a8a0:   0000000000000000 000000010f7c5d18
0x0000700008a3a8b0:   00007fc255444ff0 00000001282126de
0x0000700008a3a8c0:   000000076b0e6758 0000700008a3a8c8
0x0000700008a3a8d0:   000000012878cc2d 0000700008a3a918
0x0000700008a3a8e0:   000000012878f558 0000000000000000
0x0000700008a3a8f0:   000000012878cc38 0000700008a3a8b0
0x0000700008a3a900:   0000700008a3a918 0000700008a3a960
0x0000700008a3a910:   000000010f7bc2bd 000000076b0e6758
0x0000700008a3a920:   0000700008a3a920 0000000128871590
0x0000700008a3a930:   0000700008a3a9d0 00000001288716e0
0x0000700008a3a940:   0000000000000000 0000000128871670
0x0000700008a3a950:   0000700008a3a918 0000700008a3a9c8
0x0000700008a3a960:   0000700008a3aa18 000000010f7bc302
0x0000700008a3a970:   000000076c42bce8 000000076b425940
0x0000700008a3a980:   000000076b419828 000000076b4103c0
0x0000700008a3a990:   000000076b400da8 000000076b3f8710
0x0000700008a3a9a0:   000000076b15c760 000000076ba6add8 

Instructions: (pc=0x0000000130295ff4)
0x0000000130295fd4:   fc 48 83 c4 30 5d c3 0f 1f 44 00 00 55 48 89 e5
0x0000000130295fe4:   48 83 ec 30 48 89 7d f8 48 8b 7d f8 48 8b 7f 30
0x0000000130295ff4:   48 8b bf 50 01 00 00 81 7f 0c 00 00 00 00 0f 84
0x0000000130296004:   05 00 00 00 e9 5e 02 00 00 48 8b 45 f8 48 8b 40 

Register to memory mapping:

RAX=0x00007fc255444ff0 is an unknown value
RBX={method} {0x000000012878cb90} 'reset' '(J)V' in 'net/sf/clipsrules/jni/Environment'
RCX=0x0000000000000010 is an unknown value
RDX=0x00007fc2588b59f8 is an unknown value
RSP=0x0000700008a3a7b0 is pointing into the stack for thread: 0x00007fc2588b5800
RBP=0x0000700008a3a7e0 is pointing into the stack for thread: 0x00007fc2588b5800
RSI=0x00007fc2588b59f8 is an unknown value
RDI=0x0058018000000000 is an unknown value
R8 =0x0000000000000000 is an unknown value
R9 =0x000000076ab1b628 is an oop
java.io.FileDescriptor 
 - klass: 'java/io/FileDescriptor'
R10=0x000000010f7cc63b is at code_begin+859 in an Interpreter codelet
method entry point (kind = native)  [0x000000010f7cc2e0, 0x000000010f7ccc40]  2400 bytes
R11=0x000000010ece8867: throw_unsatisfied_link_error+0 in /Library/Java/JavaVirtualMachines/jdk1.8.0_181.jdk/Contents/Home/jre/lib/server/libjvm.dylib at 0x000000010e800000
R12=0x0000000000000000 is an unknown value
R13={method} {0x000000012878cb90} 'reset' '(J)V' in 'net/sf/clipsrules/jni/Environment'
R14=0x0000700008a3a8c0 is pointing into the stack for thread: 0x00007fc2588b5800
R15=0x00007fc2588b5800 is a thread


Stack: [0x000070000893d000,0x0000700008a3d000],  sp=0x0000700008a3a7b0,  free space=1013k
Native frames: (J=compiled Java code, j=interpreted, Vv=VM code, C=native code)
C  [libCLIPSJNI.jnilib+0x1eff4]  EnvReset+0x14
C  [libCLIPSJNI.jnilib+0x109991]  Java_net_sf_clipsrules_jni_Environment_reset+0x41
j  net.sf.clipsrules.jni.Environment.reset(J)V+0
j  net.sf.clipsrules.jni.Environment.reset()V+5
j  clips.proyecto.vista.Main$34.mouseClicked(Ljava/awt/event/MouseEvent;)V+296
j  java.awt.AWTEventMulticaster.mouseClicked(Ljava/awt/event/MouseEvent;)V+21
j  java.awt.Component.processMouseEvent(Ljava/awt/event/MouseEvent;)V+74
j  javax.swing.JComponent.processMouseEvent(Ljava/awt/event/MouseEvent;)V+23
J 1132 C1 java.awt.Component.processEvent(Ljava/awt/AWTEvent;)V (220 bytes) @ 0x000000010fb5435c [0x000000010fb53e40+0x51c]
J 1131 C1 java.awt.Container.processEvent(Ljava/awt/AWTEvent;)V (22 bytes) @ 0x000000010fb53984 [0x000000010fb53660+0x324]
J 1061 C1 java.awt.Component.dispatchEventImpl(Ljava/awt/AWTEvent;)V (921 bytes) @ 0x000000010fb04a9c [0x000000010faff540+0x555c]
J 1546 C2 java.awt.Container.dispatchEventImpl(Ljava/awt/AWTEvent;)V (129 bytes) @ 0x000000010fc95cb8 [0x000000010fc95c60+0x58]
J 1237 C1 java.awt.LightweightDispatcher.retargetMouseEvent(Ljava/awt/Component;ILjava/awt/event/MouseEvent;)V (372 bytes) @ 0x000000010fbbd5dc [0x000000010fbbace0+0x28fc]
J 1546 C2 java.awt.Container.dispatchEventImpl(Ljava/awt/AWTEvent;)V (129 bytes) @ 0x000000010fc962bc [0x000000010fc95c60+0x65c]
J 1170 C1 java.awt.Window.dispatchEventImpl(Ljava/awt/AWTEvent;)V (23 bytes) @ 0x000000010fb6d7cc [0x000000010fb6d1e0+0x5ec]
J 1527 C2 java.awt.EventQueue.dispatchEventImpl(Ljava/awt/AWTEvent;Ljava/lang/Object;)V (149 bytes) @ 0x000000010fc7df00 [0x000000010fc7d6a0+0x860]
J 1542 C2 java.awt.EventQueue$3.run()Ljava/lang/Object; (5 bytes) @ 0x000000010fc799ac [0x000000010fc79940+0x6c]
v  ~StubRoutines::call_stub
V  [libjvm.dylib+0x2efcba]
V  [libjvm.dylib+0x3505b0]
J 851  java.security.AccessController.doPrivileged(Ljava/security/PrivilegedAction;Ljava/security/AccessControlContext;)Ljava/lang/Object; (0 bytes) @ 0x000000010fa7c395 [0x000000010fa7c2c0+0xd5]
J 1529 C2 java.awt.EventQueue$4.run()Ljava/lang/Object; (5 bytes) @ 0x000000010fc7bf44 [0x000000010fc7bd00+0x244]
v  ~StubRoutines::call_stub
V  [libjvm.dylib+0x2efcba]
V  [libjvm.dylib+0x3505b0]
J 851  java.security.AccessController.doPrivileged(Ljava/security/PrivilegedAction;Ljava/security/AccessControlContext;)Ljava/lang/Object; (0 bytes) @ 0x000000010fa7c395 [0x000000010fa7c2c0+0xd5]
J 1523 C2 java.awt.EventQueue.dispatchEvent(Ljava/awt/AWTEvent;)V (80 bytes) @ 0x000000010fc77ca4 [0x000000010fc77940+0x364]
J 1544 C2 java.awt.EventDispatchThread.pumpOneEventForFilters(I)V (190 bytes) @ 0x000000010fc90408 [0x000000010fc8fbe0+0x828]
j  java.awt.EventDispatchThread.pumpEventsForFilter(ILjava/awt/Conditional;Ljava/awt/EventFilter;)V+35
j  java.awt.EventDispatchThread.pumpEventsForHierarchy(ILjava/awt/Conditional;Ljava/awt/Component;)V+11
j  java.awt.EventDispatchThread.pumpEvents(ILjava/awt/Conditional;)V+4
j  java.awt.EventDispatchThread.pumpEvents(Ljava/awt/Conditional;)V+3
j  java.awt.EventDispatchThread.run()V+9
v  ~StubRoutines::call_stub
V  [libjvm.dylib+0x2efcba]
V  [libjvm.dylib+0x2f045e]
V  [libjvm.dylib+0x2f060a]
V  [libjvm.dylib+0x34aef9]
V  [libjvm.dylib+0x56fa7f]
V  [libjvm.dylib+0x57117a]
V  [libjvm.dylib+0x48e342]
C  [libsystem_pthread.dylib+0x32eb]  _pthread_body+0x7e
C  [libsystem_pthread.dylib+0x6249]  _pthread_start+0x42
C  [libsystem_pthread.dylib+0x240d]  thread_start+0xd
C  0x0000000000000000

Java frames: (J=compiled Java code, j=interpreted, Vv=VM code)
j  net.sf.clipsrules.jni.Environment.reset(J)V+0
j  net.sf.clipsrules.jni.Environment.reset()V+5
j  clips.proyecto.vista.Main$34.mouseClicked(Ljava/awt/event/MouseEvent;)V+296
j  java.awt.AWTEventMulticaster.mouseClicked(Ljava/awt/event/MouseEvent;)V+21
j  java.awt.Component.processMouseEvent(Ljava/awt/event/MouseEvent;)V+74
j  javax.swing.JComponent.processMouseEvent(Ljava/awt/event/MouseEvent;)V+23
J 1132 C1 java.awt.Component.processEvent(Ljava/awt/AWTEvent;)V (220 bytes) @ 0x000000010fb5435c [0x000000010fb53e40+0x51c]
J 1131 C1 java.awt.Container.processEvent(Ljava/awt/AWTEvent;)V (22 bytes) @ 0x000000010fb53984 [0x000000010fb53660+0x324]
J 1061 C1 java.awt.Component.dispatchEventImpl(Ljava/awt/AWTEvent;)V (921 bytes) @ 0x000000010fb04a9c [0x000000010faff540+0x555c]
J 1546 C2 java.awt.Container.dispatchEventImpl(Ljava/awt/AWTEvent;)V (129 bytes) @ 0x000000010fc95cb8 [0x000000010fc95c60+0x58]
J 1237 C1 java.awt.LightweightDispatcher.retargetMouseEvent(Ljava/awt/Component;ILjava/awt/event/MouseEvent;)V (372 bytes) @ 0x000000010fbbd5dc [0x000000010fbbace0+0x28fc]
J 1546 C2 java.awt.Container.dispatchEventImpl(Ljava/awt/AWTEvent;)V (129 bytes) @ 0x000000010fc962bc [0x000000010fc95c60+0x65c]
J 1170 C1 java.awt.Window.dispatchEventImpl(Ljava/awt/AWTEvent;)V (23 bytes) @ 0x000000010fb6d7cc [0x000000010fb6d1e0+0x5ec]
J 1527 C2 java.awt.EventQueue.dispatchEventImpl(Ljava/awt/AWTEvent;Ljava/lang/Object;)V (149 bytes) @ 0x000000010fc7df00 [0x000000010fc7d6a0+0x860]
J 1542 C2 java.awt.EventQueue$3.run()Ljava/lang/Object; (5 bytes) @ 0x000000010fc799ac [0x000000010fc79940+0x6c]
v  ~StubRoutines::call_stub
J 851  java.security.AccessController.doPrivileged(Ljava/security/PrivilegedAction;Ljava/security/AccessControlContext;)Ljava/lang/Object; (0 bytes) @ 0x000000010fa7c323 [0x000000010fa7c2c0+0x63]
J 1529 C2 java.awt.EventQueue$4.run()Ljava/lang/Object; (5 bytes) @ 0x000000010fc7bf44 [0x000000010fc7bd00+0x244]
v  ~StubRoutines::call_stub
J 851  java.security.AccessController.doPrivileged(Ljava/security/PrivilegedAction;Ljava/security/AccessControlContext;)Ljava/lang/Object; (0 bytes) @ 0x000000010fa7c323 [0x000000010fa7c2c0+0x63]
J 1523 C2 java.awt.EventQueue.dispatchEvent(Ljava/awt/AWTEvent;)V (80 bytes) @ 0x000000010fc77ca4 [0x000000010fc77940+0x364]
J 1544 C2 java.awt.EventDispatchThread.pumpOneEventForFilters(I)V (190 bytes) @ 0x000000010fc90408 [0x000000010fc8fbe0+0x828]
j  java.awt.EventDispatchThread.pumpEventsForFilter(ILjava/awt/Conditional;Ljava/awt/EventFilter;)V+35
j  java.awt.EventDispatchThread.pumpEventsForHierarchy(ILjava/awt/Conditional;Ljava/awt/Component;)V+11
j  java.awt.EventDispatchThread.pumpEvents(ILjava/awt/Conditional;)V+4
j  java.awt.EventDispatchThread.pumpEvents(Ljava/awt/Conditional;)V+3
j  java.awt.EventDispatchThread.run()V+9
v  ~StubRoutines::call_stub

---------------  P R O C E S S  ---------------

Java Threads: ( => current thread )
  0x00007fc25616c800 JavaThread "TimerQueue" daemon [_thread_blocked, id=64191, stack(0x0000700008cc9000,0x0000700008dc9000)]
  0x00007fc25587b000 JavaThread "Java2D Disposer" daemon [_thread_blocked, id=56591, stack(0x0000700008b43000,0x0000700008c43000)]
  0x00007fc256852000 JavaThread "Java2D Queue Flusher" daemon [_thread_blocked, id=55047, stack(0x0000700008a40000,0x0000700008b40000)]
  0x00007fc2588a9800 JavaThread "DestroyJavaVM" [_thread_blocked, id=9731, stack(0x0000700006ddd000,0x0000700006edd000)]
=>0x00007fc2588b5800 JavaThread "AWT-EventQueue-0" [_thread_in_native, id=48651, stack(0x000070000893d000,0x0000700008a3d000)]
  0x00007fc25a812000 JavaThread "AWT-Shutdown" [_thread_blocked, id=27691, stack(0x000070000831c000,0x000070000841c000)]
  0x00007fc258887000 JavaThread "AppKit Thread" daemon [_thread_in_native, id=775, stack(0x00007ffee29a1000,0x00007ffee31a1000)]
  0x00007fc255811000 JavaThread "Service Thread" daemon [_thread_blocked, id=21763, stack(0x0000700008116000,0x0000700008216000)]
  0x00007fc258829000 JavaThread "C1 CompilerThread3" daemon [_thread_blocked, id=16643, stack(0x0000700008013000,0x0000700008113000)]
  0x00007fc258828000 JavaThread "C2 CompilerThread2" daemon [_thread_blocked, id=17155, stack(0x0000700007f10000,0x0000700008010000)]
  0x00007fc258827800 JavaThread "C2 CompilerThread1" daemon [_thread_blocked, id=17411, stack(0x0000700007e0d000,0x0000700007f0d000)]
  0x00007fc25805f000 JavaThread "C2 CompilerThread0" daemon [_thread_blocked, id=15875, stack(0x0000700007d0a000,0x0000700007e0a000)]
  0x00007fc25804f000 JavaThread "Signal Dispatcher" daemon [_thread_blocked, id=15619, stack(0x0000700007c07000,0x0000700007d07000)]
  0x00007fc259002000 JavaThread "Finalizer" daemon [_thread_blocked, id=13827, stack(0x0000700007b04000,0x0000700007c04000)]
  0x00007fc258820000 JavaThread "Reference Handler" daemon [_thread_blocked, id=13315, stack(0x0000700007a01000,0x0000700007b01000)]

Other Threads:
  0x00007fc258035800 VMThread [stack: 0x00007000078fe000,0x00007000079fe000] [id=12803]
  0x00007fc255800800 WatcherThread [stack: 0x0000700008219000,0x0000700008319000] [id=22019]

VM state:not at safepoint (normal execution)

VM Mutex/Monitor currently owned by a thread: None

Heap:
 PSYoungGen      total 76288K, used 26612K [0x000000076ab00000, 0x0000000770000000, 0x00000007c0000000)
  eden space 65536K, 40% used [0x000000076ab00000,0x000000076c4fd2a0,0x000000076eb00000)
  from space 10752K, 0% used [0x000000076f580000,0x000000076f580000,0x0000000770000000)
  to   space 10752K, 0% used [0x000000076eb00000,0x000000076eb00000,0x000000076f580000)
 ParOldGen       total 175104K, used 0K [0x00000006c0000000, 0x00000006cab00000, 0x000000076ab00000)
  object space 175104K, 0% used [0x00000006c0000000,0x00000006c0000000,0x00000006cab00000)
 Metaspace       used 12401K, capacity 12778K, committed 12928K, reserved 1060864K
  class space    used 1533K, capacity 1661K, committed 1664K, reserved 1048576K

Card table byte_map: [0x000000011eb74000,0x000000011f375000] byte_map_base: 0x000000011b574000

Marking Bits: (ParMarkBitMap*) 0x000000010f0f9cd0
 Begin Bits: [0x000000011f8cb000, 0x00000001238cb000)
 End Bits:   [0x00000001238cb000, 0x00000001278cb000)

Polling page: 0x000000010cae2000

CodeCache: size=245760Kb used=5059Kb max_used=5059Kb free=240700Kb
 bounds [0x000000010f7b4000, 0x000000010fcb4000, 0x000000011e7b4000]
 total_blobs=2094 nmethods=1561 adapters=446
 compilation: enabled

Compilation events (10 events):
Event: 48.328 Thread 0x00007fc258829000 1557       3       sun.java2d.SunGraphics2D::getResolutionVariant (229 bytes)
Event: 48.329 Thread 0x00007fc258829000 nmethod 1557 0x000000010fc9c850 code [0x000000010fc9cac0, 0x000000010fc9da08]
Event: 48.329 Thread 0x00007fc258829000 1558   !   3       sun.awt.image.MultiResolutionToolkitImage::getResolutionVariantObserver (65 bytes)
Event: 48.329 Thread 0x00007fc258829000 nmethod 1558 0x000000010fc9e310 code [0x000000010fc9e520, 0x000000010fc9ef38]
Event: 49.533 Thread 0x00007fc258829000 1559  s    3       com.apple.laf.AquaButtonLabeledUI::paint (579 bytes)
Event: 49.536 Thread 0x00007fc258829000 nmethod 1559 0x000000010fc9f6d0 code [0x000000010fc9fb80, 0x000000010fca42e8]
Event: 49.536 Thread 0x00007fc258829000 1560       3       com.apple.laf.AquaButtonLabeledUI::getDefaultIcon (66 bytes)
Event: 49.537 Thread 0x00007fc258829000 nmethod 1560 0x000000010fca60d0 code [0x000000010fca6420, 0x000000010fca7ec8]
Event: 49.591 Thread 0x00007fc258829000 1561       3       sun.java2d.pipe.RenderBuffer::put (91 bytes)
Event: 49.592 Thread 0x00007fc258829000 nmethod 1561 0x000000010fc89e90 code [0x000000010fc8a040, 0x000000010fc8a6c8]

GC Heap History (0 events):
No events

Deoptimization events (7 events):
Event: 1.409 Thread 0x00007fc2588b5800 Uncommon trap: reason=unstable_if action=reinterpret pc=0x000000010f9f3940 method=java.lang.String.toLowerCase(Ljava/util/Locale;)Ljava/lang/String; @ 85
Event: 1.446 Thread 0x00007fc2588b5800 Uncommon trap: reason=unstable_if action=reinterpret pc=0x000000010fa04fe4 method=java.io.BufferedInputStream.read()I @ 8
Event: 1.460 Thread 0x00007fc2588b5800 Uncommon trap: reason=unstable_if action=reinterpret pc=0x000000010f9d9c60 method=java.lang.CharacterData.of(I)Ljava/lang/CharacterData; @ 4
Event: 2.401 Thread 0x00007fc2588b5800 Uncommon trap: reason=class_check action=maybe_recompile pc=0x000000010f91f498 method=java.lang.String.equals(Ljava/lang/Object;)Z @ 8
Event: 2.410 Thread 0x00007fc2588b5800 Uncommon trap: reason=class_check action=maybe_recompile pc=0x000000010f91f498 method=java.lang.String.equals(Ljava/lang/Object;)Z @ 8
Event: 2.411 Thread 0x00007fc2588b5800 Uncommon trap: reason=class_check action=maybe_recompile pc=0x000000010f91f498 method=java.lang.String.equals(Ljava/lang/Object;)Z @ 8
Event: 2.411 Thread 0x00007fc2588b5800 Uncommon trap: reason=class_check action=maybe_recompile pc=0x000000010f91f498 method=java.lang.String.equals(Ljava/lang/Object;)Z @ 8

Classes redefined (0 events):
No events

Internal exceptions (10 events):
Event: 0.024 Thread 0x00007fc258002000 Exception <a 'java/lang/NoSuchMethodError': Method sun.misc.Unsafe.defineClass(Ljava/lang/String;[BII)Ljava/lang/Class; name or signature does not match> (0x000000076ab07cb0) thrown at [/Users/java_re/workspace/8-2-build-macosx-x86_64/jdk8u181/11358/hotsp
Event: 0.024 Thread 0x00007fc258002000 Exception <a 'java/lang/NoSuchMethodError': Method sun.misc.Unsafe.prefetchRead(Ljava/lang/Object;J)V name or signature does not match> (0x000000076ab07f98) thrown at [/Users/java_re/workspace/8-2-build-macosx-x86_64/jdk8u181/11358/hotspot/src/share/vm/pr
Event: 0.070 Thread 0x00007fc258002000 Exception <a 'java/security/PrivilegedActionException'> (0x000000076ab953c0) thrown at [/Users/java_re/workspace/8-2-build-macosx-x86_64/jdk8u181/11358/hotspot/src/share/vm/prims/jvm.cpp, line 1435]
Event: 0.070 Thread 0x00007fc258002000 Exception <a 'java/security/PrivilegedActionException'> (0x000000076ab955d0) thrown at [/Users/java_re/workspace/8-2-build-macosx-x86_64/jdk8u181/11358/hotspot/src/share/vm/prims/jvm.cpp, line 1435]
Event: 0.070 Thread 0x00007fc258002000 Exception <a 'java/security/PrivilegedActionException'> (0x000000076ab98900) thrown at [/Users/java_re/workspace/8-2-build-macosx-x86_64/jdk8u181/11358/hotspot/src/share/vm/prims/jvm.cpp, line 1435]
Event: 0.070 Thread 0x00007fc258002000 Exception <a 'java/security/PrivilegedActionException'> (0x000000076ab98b10) thrown at [/Users/java_re/workspace/8-2-build-macosx-x86_64/jdk8u181/11358/hotspot/src/share/vm/prims/jvm.cpp, line 1435]
Event: 0.118 Thread 0x00007fc258002000 Exception <a 'java/lang/NoSuchFieldError': method resolution failed> (0x000000076adb74c0) thrown at [/Users/java_re/workspace/8-2-build-macosx-x86_64/jdk8u181/11358/hotspot/src/share/vm/prims/methodHandles.cpp, line 1167]
Event: 0.120 Thread 0x00007fc258002000 Exception <a 'java/lang/NoSuchFieldError': method resolution failed> (0x000000076adc4c90) thrown at [/Users/java_re/workspace/8-2-build-macosx-x86_64/jdk8u181/11358/hotspot/src/share/vm/prims/methodHandles.cpp, line 1167]
Event: 0.308 Thread 0x00007fc258002000 Exception <a 'java/io/FileNotFoundException'> (0x000000076ae3fa30) thrown at [/Users/java_re/workspace/8-2-build-macosx-x86_64/jdk8u181/11358/hotspot/src/share/vm/prims/jni.cpp, line 709]
Event: 0.308 Thread 0x00007fc258002000 Exception <a 'java/io/FileNotFoundException'> (0x000000076ae405d8) thrown at [/Users/java_re/workspace/8-2-build-macosx-x86_64/jdk8u181/11358/hotspot/src/share/vm/prims/jni.cpp, line 709]

Events (10 events):
Event: 29.827 loading class javax/swing/text/DefaultHighlighter$LayeredHighlightInfo
Event: 29.827 loading class javax/swing/text/DefaultHighlighter$HighlightInfo
Event: 29.827 loading class javax/swing/text/DefaultHighlighter$HighlightInfo done
Event: 29.827 loading class javax/swing/text/DefaultHighlighter$LayeredHighlightInfo done
Event: 31.096 loading class javax/swing/text/GapContent$RemoveUndo
Event: 31.096 loading class javax/swing/text/GapContent$RemoveUndo done
Event: 31.096 loading class javax/swing/text/GapContent$UndoPosRef
Event: 31.096 loading class javax/swing/text/GapContent$UndoPosRef done
Event: 47.680 loading class sun/awt/EventQueueDelegate$Delegate
Event: 47.680 loading class sun/awt/EventQueueDelegate$Delegate done


Dynamic libraries:
0x00007fff3786f000 	/System/Library/Frameworks/Cocoa.framework/Versions/A/Cocoa
0x00007fff43587000 	/System/Library/Frameworks/Security.framework/Versions/A/Security
0x00007fff36504000 	/System/Library/Frameworks/ApplicationServices.framework/Versions/A/ApplicationServices
0x00007fff63649000 	/usr/lib/libz.1.dylib
0x00007fff60fa3000 	/usr/lib/libSystem.B.dylib
0x00007fff627da000 	/usr/lib/libobjc.A.dylib
0x00007fff38057000 	/System/Library/Frameworks/CoreFoundation.framework/Versions/A/CoreFoundation
0x00007fff3a2d9000 	/System/Library/Frameworks/Foundation.framework/Versions/C/Foundation
0x00007fff356fd000 	/System/Library/Frameworks/AppKit.framework/Versions/C/AppKit
0x00007fff37bea000 	/System/Library/Frameworks/CoreData.framework/Versions/A/CoreData
0x00007fff5aa76000 	/System/Library/PrivateFrameworks/RemoteViewServices.framework/Versions/A/RemoteViewServices
0x00007fff5ece3000 	/System/Library/PrivateFrameworks/UIFoundation.framework/Versions/A/UIFoundation
0x00007fff603c5000 	/System/Library/PrivateFrameworks/XCTTargetBootstrap.framework/Versions/A/XCTTargetBootstrap
0x00007fff37f6f000 	/System/Library/Frameworks/CoreDisplay.framework/Versions/A/CoreDisplay
0x00007fff557cd000 	/System/Library/PrivateFrameworks/IconServices.framework/Versions/A/IconServices
0x00007fff3cbfd000 	/System/Library/Frameworks/Metal.framework/Versions/A/Metal
0x00007fff4cd48000 	/System/Library/PrivateFrameworks/DesktopServicesPriv.framework/Versions/A/DesktopServicesPriv
0x00007fff61b3d000 	/usr/lib/libenergytrace.dylib
0x00007fff5d1cc000 	/System/Library/PrivateFrameworks/SkyLight.framework/Versions/A/SkyLight
0x00007fff3849d000 	/System/Library/Frameworks/CoreGraphics.framework/Versions/A/CoreGraphics
0x00007fff344c9000 	/System/Library/Frameworks/Accelerate.framework/Versions/A/Accelerate
0x00007fff3aa21000 	/System/Library/Frameworks/IOSurface.framework/Versions/A/IOSurface
0x00007fff4cbb4000 	/System/Library/PrivateFrameworks/DFRFoundation.framework/Versions/A/DFRFoundation
0x00007fff369e7000 	/System/Library/Frameworks/AudioToolbox.framework/Versions/A/AudioToolbox
0x00007fff36c60000 	/System/Library/Frameworks/AudioUnit.framework/Versions/A/AudioUnit
0x00007fff4cc49000 	/System/Library/PrivateFrameworks/DataDetectorsCore.framework/Versions/A/DataDetectorsCore
0x00007fff37373000 	/System/Library/Frameworks/Carbon.framework/Versions/A/Frameworks/HIToolbox.framework/Versions/A/HIToolbox
0x00007fff61c96000 	/usr/lib/libicucore.A.dylib
0x00007fff42afc000 	/System/Library/Frameworks/QuartzCore.framework/Versions/A/QuartzCore
0x00007fff37747000 	/System/Library/Frameworks/Carbon.framework/Versions/A/Frameworks/SpeechRecognition.framework/Versions/A/SpeechRecognition
0x00007fff610f7000 	/usr/lib/libauto.dylib
0x00007fff6353d000 	/usr/lib/libxml2.2.dylib
0x00007fff4c791000 	/System/Library/PrivateFrameworks/CoreUI.framework/Versions/A/CoreUI
0x00007fff37ad5000 	/System/Library/Frameworks/CoreAudio.framework/Versions/A/CoreAudio
0x00007fff3a10e000 	/System/Library/Frameworks/DiskArbitration.framework/Versions/A/DiskArbitration
0x00007fff61f44000 	/usr/lib/liblangid.dylib
0x00007fff56bdb000 	/System/Library/PrivateFrameworks/MultitouchSupport.framework/Versions/A/MultitouchSupport
0x00007fff3a990000 	/System/Library/Frameworks/IOKit.framework/Versions/A/IOKit
0x00007fff60b64000 	/usr/lib/libDiagnosticMessagesClient.dylib
0x00007fff392ac000 	/System/Library/Frameworks/CoreServices.framework/Versions/A/CoreServices
0x00007fff58882000 	/System/Library/PrivateFrameworks/PerformanceAnalysis.framework/Versions/A/PerformanceAnalysis
0x00007fff41cea000 	/System/Library/Frameworks/OpenGL.framework/Versions/A/OpenGL
0x00007fff3787d000 	/System/Library/Frameworks/ColorSync.framework/Versions/A/ColorSync
0x00007fff38b2e000 	/System/Library/Frameworks/CoreImage.framework/Versions/A/CoreImage
0x00007fff39c85000 	/System/Library/Frameworks/CoreText.framework/Versions/A/CoreText
0x00007fff3aa84000 	/System/Library/Frameworks/ImageIO.framework/Versions/A/ImageIO
0x00007fff48de6000 	/System/Library/PrivateFrameworks/Backup.framework/Versions/A/Backup
0x00007fff6104a000 	/usr/lib/libarchive.2.dylib
0x00007fff36fb8000 	/System/Library/Frameworks/CFNetwork.framework/Versions/A/CFNetwork
0x00007fff43ce1000 	/System/Library/Frameworks/SystemConfiguration.framework/Versions/A/SystemConfiguration
0x00007fff60a95000 	/usr/lib/libCRFSuite.dylib
0x00007fff611e6000 	/usr/lib/libc++.1.dylib
0x00007fff6123a000 	/usr/lib/libc++abi.dylib
0x00007fff63e3f000 	/usr/lib/system/libcache.dylib
0x00007fff63e44000 	/usr/lib/system/libcommonCrypto.dylib
0x00007fff63e4f000 	/usr/lib/system/libcompiler_rt.dylib
0x00007fff63e57000 	/usr/lib/system/libcopyfile.dylib
0x00007fff63e61000 	/usr/lib/system/libcorecrypto.dylib
0x00007fff63f6c000 	/usr/lib/system/libdispatch.dylib
0x00007fff63fa6000 	/usr/lib/system/libdyld.dylib
0x00007fff63fd3000 	/usr/lib/system/libkeymgr.dylib
0x00007fff63fe1000 	/usr/lib/system/liblaunch.dylib
0x00007fff63fe2000 	/usr/lib/system/libmacho.dylib
0x00007fff63fe8000 	/usr/lib/system/libquarantine.dylib
0x00007fff63feb000 	/usr/lib/system/libremovefile.dylib
0x00007fff63fed000 	/usr/lib/system/libsystem_asl.dylib
0x00007fff64005000 	/usr/lib/system/libsystem_blocks.dylib
0x00007fff64006000 	/usr/lib/system/libsystem_c.dylib
0x00007fff6408e000 	/usr/lib/system/libsystem_configuration.dylib
0x00007fff64092000 	/usr/lib/system/libsystem_coreservices.dylib
0x00007fff64096000 	/usr/lib/system/libsystem_darwin.dylib
0x00007fff6409d000 	/usr/lib/system/libsystem_dnssd.dylib
0x00007fff640a4000 	/usr/lib/system/libsystem_info.dylib
0x00007fff64119000 	/usr/lib/system/libsystem_m.dylib
0x00007fff64165000 	/usr/lib/system/libsystem_malloc.dylib
0x00007fff64190000 	/usr/lib/system/libsystem_networkextension.dylib
0x00007fff6419b000 	/usr/lib/system/libsystem_notify.dylib
0x00007fff641b8000 	/usr/lib/system/libsystem_sandbox.dylib
0x00007fff641bc000 	/usr/lib/system/libsystem_secinit.dylib
0x00007fff640f0000 	/usr/lib/system/libsystem_kernel.dylib
0x00007fff641a3000 	/usr/lib/system/libsystem_platform.dylib
0x00007fff641ad000 	/usr/lib/system/libsystem_pthread.dylib
0x00007fff641bf000 	/usr/lib/system/libsystem_symptoms.dylib
0x00007fff641c7000 	/usr/lib/system/libsystem_trace.dylib
0x00007fff641de000 	/usr/lib/system/libunwind.dylib
0x00007fff641e4000 	/usr/lib/system/libxpc.dylib
0x00007fff611c7000 	/usr/lib/libbsm.0.dylib
0x00007fff63fd4000 	/usr/lib/system/libkxld.dylib
0x00007fff481d7000 	/System/Library/PrivateFrameworks/AppleFSCompression.framework/Versions/A/AppleFSCompression
0x00007fff60e63000 	/usr/lib/libOpenScriptingUtil.dylib
0x00007fff614ef000 	/usr/lib/libcoretls.dylib
0x00007fff61506000 	/usr/lib/libcoretls_cfhelpers.dylib
0x00007fff62f71000 	/usr/lib/libpam.2.dylib
0x00007fff63131000 	/usr/lib/libsqlite3.dylib
0x00007fff6352b000 	/usr/lib/libxar.1.dylib
0x00007fff611d8000 	/usr/lib/libbz2.1.0.dylib
0x00007fff61f46000 	/usr/lib/liblzma.5.dylib
0x00007fff623f7000 	/usr/lib/libnetwork.dylib
0x00007fff61033000 	/usr/lib/libapple_nghttp2.dylib
0x00007fff62f78000 	/usr/lib/libpcap.A.dylib
0x00007fff3964b000 	/System/Library/Frameworks/CoreServices.framework/Versions/A/Frameworks/FSEvents.framework/Versions/A/FSEvents
0x00007fff3932a000 	/System/Library/Frameworks/CoreServices.framework/Versions/A/Frameworks/CarbonCore.framework/Versions/A/CarbonCore
0x00007fff39807000 	/System/Library/Frameworks/CoreServices.framework/Versions/A/Frameworks/Metadata.framework/Versions/A/Metadata
0x00007fff398a6000 	/System/Library/Frameworks/CoreServices.framework/Versions/A/Frameworks/OSServices.framework/Versions/A/OSServices
0x00007fff398f1000 	/System/Library/Frameworks/CoreServices.framework/Versions/A/Frameworks/SearchKit.framework/Versions/A/SearchKit
0x00007fff392ad000 	/System/Library/Frameworks/CoreServices.framework/Versions/A/Frameworks/AE.framework/Versions/A/AE
0x00007fff39654000 	/System/Library/Frameworks/CoreServices.framework/Versions/A/Frameworks/LaunchServices.framework/Versions/A/LaunchServices
0x00007fff39602000 	/System/Library/Frameworks/CoreServices.framework/Versions/A/Frameworks/DictionaryServices.framework/Versions/A/DictionaryServices
0x00007fff39959000 	/System/Library/Frameworks/CoreServices.framework/Versions/A/Frameworks/SharedFileList.framework/Versions/A/SharedFileList
0x00007fff3dcc5000 	/System/Library/Frameworks/NetFS.framework/Versions/A/NetFS
0x00007fff56e41000 	/System/Library/PrivateFrameworks/NetAuth.framework/Versions/A/NetAuth
0x00007fff607c9000 	/System/Library/PrivateFrameworks/login.framework/Versions/A/Frameworks/loginsupport.framework/Versions/A/loginsupport
0x00007fff5e8ec000 	/System/Library/PrivateFrameworks/TCC.framework/Versions/A/TCC
0x00007fff4bdee000 	/System/Library/PrivateFrameworks/CoreNLP.framework/Versions/A/CoreNLP
0x00007fff568d4000 	/System/Library/PrivateFrameworks/MetadataUtilities.framework/Versions/A/MetadataUtilities
0x00007fff6201b000 	/usr/lib/libmecabra.dylib
0x00007fff36505000 	/System/Library/Frameworks/ApplicationServices.framework/Versions/A/Frameworks/ATS.framework/Versions/A/ATS
0x00007fff36854000 	/System/Library/Frameworks/ApplicationServices.framework/Versions/A/Frameworks/ColorSyncLegacy.framework/Versions/A/ColorSyncLegacy
0x00007fff368f3000 	/System/Library/Frameworks/ApplicationServices.framework/Versions/A/Frameworks/HIServices.framework/Versions/A/HIServices
0x00007fff36946000 	/System/Library/Frameworks/ApplicationServices.framework/Versions/A/Frameworks/LangAnalysis.framework/Versions/A/LangAnalysis
0x00007fff36956000 	/System/Library/Frameworks/ApplicationServices.framework/Versions/A/Frameworks/PrintCore.framework/Versions/A/PrintCore
0x00007fff369a0000 	/System/Library/Frameworks/ApplicationServices.framework/Versions/A/Frameworks/QD.framework/Versions/A/QD
0x00007fff369da000 	/System/Library/Frameworks/ApplicationServices.framework/Versions/A/Frameworks/SpeechSynthesis.framework/Versions/A/SpeechSynthesis
0x00007fff61262000 	/usr/lib/libcompression.dylib
0x00007fff3cecd000 	/System/Library/Frameworks/MetalPerformanceShaders.framework/Versions/A/MetalPerformanceShaders
0x00007fff344e1000 	/System/Library/Frameworks/Accelerate.framework/Versions/A/Frameworks/vImage.framework/Versions/A/vImage
0x00007fff3555b000 	/System/Library/Frameworks/Accelerate.framework/Versions/A/Frameworks/vecLib.framework/Versions/A/vecLib
0x00007fff354a7000 	/System/Library/Frameworks/Accelerate.framework/Versions/A/Frameworks/vecLib.framework/Versions/A/libvMisc.dylib
0x00007fff352bf000 	/System/Library/Frameworks/Accelerate.framework/Versions/A/Frameworks/vecLib.framework/Versions/A/libvDSP.dylib
0x00007fff34b7b000 	/System/Library/Frameworks/Accelerate.framework/Versions/A/Frameworks/vecLib.framework/Versions/A/libBLAS.dylib
0x00007fff34e68000 	/System/Library/Frameworks/Accelerate.framework/Versions/A/Frameworks/vecLib.framework/Versions/A/libLAPACK.dylib
0x00007fff35212000 	/System/Library/Frameworks/Accelerate.framework/Versions/A/Frameworks/vecLib.framework/Versions/A/libLinearAlgebra.dylib
0x00007fff352ab000 	/System/Library/Frameworks/Accelerate.framework/Versions/A/Frameworks/vecLib.framework/Versions/A/libSparseBLAS.dylib
0x00007fff35228000 	/System/Library/Frameworks/Accelerate.framework/Versions/A/Frameworks/vecLib.framework/Versions/A/libQuadrature.dylib
0x00007fff34df5000 	/System/Library/Frameworks/Accelerate.framework/Versions/A/Frameworks/vecLib.framework/Versions/A/libBNNS.dylib
0x00007fff3522e000 	/System/Library/Frameworks/Accelerate.framework/Versions/A/Frameworks/vecLib.framework/Versions/A/libSparse.dylib
0x00007fff53130000 	/System/Library/PrivateFrameworks/GPUWrangler.framework/Versions/A/GPUWrangler
0x00007fff55402000 	/System/Library/PrivateFrameworks/IOAccelerator.framework/Versions/A/IOAccelerator
0x00007fff5540d000 	/System/Library/PrivateFrameworks/IOPresentment.framework/Versions/A/IOPresentment
0x00007fff4cbc4000 	/System/Library/PrivateFrameworks/DSExternalDisplay.framework/Versions/A/DSExternalDisplay
0x00007fff41141000 	/System/Library/Frameworks/OpenGL.framework/Versions/A/Libraries/libCoreFSCache.dylib
0x00007fff3ccc1000 	/System/Library/Frameworks/MetalPerformanceShaders.framework/Frameworks/MPSCore.framework/Versions/A/MPSCore
0x00007fff3cce1000 	/System/Library/Frameworks/MetalPerformanceShaders.framework/Frameworks/MPSImage.framework/Versions/A/MPSImage
0x00007fff3cd86000 	/System/Library/Frameworks/MetalPerformanceShaders.framework/Frameworks/MPSNeuralNetwork.framework/Versions/A/MPSNeuralNetwork
0x00007fff3cd5e000 	/System/Library/Frameworks/MetalPerformanceShaders.framework/Frameworks/MPSMatrix.framework/Versions/A/MPSMatrix
0x00007fff3ceb2000 	/System/Library/Frameworks/MetalPerformanceShaders.framework/Frameworks/MPSRayIntersector.framework/Versions/A/MPSRayIntersector
0x00007fff568fd000 	/System/Library/PrivateFrameworks/MetalTools.framework/Versions/A/MetalTools
0x00007fff47a84000 	/System/Library/PrivateFrameworks/AggregateDictionary.framework/Versions/A/AggregateDictionary
0x00007fff60e44000 	/usr/lib/libMobileGestalt.dylib
0x00007fff39de8000 	/System/Library/Frameworks/CoreVideo.framework/Versions/A/CoreVideo
0x00007fff53f40000 	/System/Library/PrivateFrameworks/GraphVisualizer.framework/Versions/A/GraphVisualizer
0x00007fff4ddc0000 	/System/Library/PrivateFrameworks/FaceCore.framework/Versions/A/FaceCore
0x00007fff4076f000 	/System/Library/Frameworks/OpenCL.framework/Versions/A/OpenCL
0x00007fff60b9c000 	/usr/lib/libFosl_dynamic.dylib
0x00007fff576ac000 	/System/Library/PrivateFrameworks/OTSVG.framework/Versions/A/OTSVG
0x00007fff36609000 	/System/Library/Frameworks/ApplicationServices.framework/Versions/A/Frameworks/ATS.framework/Versions/A/Resources/libFontParser.dylib
0x00007fff36721000 	/System/Library/Frameworks/ApplicationServices.framework/Versions/A/Frameworks/ATS.framework/Versions/A/Resources/libFontRegistry.dylib
0x00007fff3acf2000 	/System/Library/Frameworks/ImageIO.framework/Versions/A/Resources/libJPEG.dylib
0x00007fff3b004000 	/System/Library/Frameworks/ImageIO.framework/Versions/A/Resources/libTIFF.dylib
0x00007fff3afda000 	/System/Library/Frameworks/ImageIO.framework/Versions/A/Resources/libPng.dylib
0x00007fff3ac10000 	/System/Library/Frameworks/ImageIO.framework/Versions/A/Resources/libGIF.dylib
0x00007fff3ac15000 	/System/Library/Frameworks/ImageIO.framework/Versions/A/Resources/libJP2.dylib
0x00007fff3b001000 	/System/Library/Frameworks/ImageIO.framework/Versions/A/Resources/libRadiance.dylib
0x00007fff4832e000 	/System/Library/PrivateFrameworks/AppleJPEG.framework/Versions/A/AppleJPEG
0x00007fff4114c000 	/System/Library/Frameworks/OpenGL.framework/Versions/A/Libraries/libGFXShared.dylib
0x00007fff4130f000 	/System/Library/Frameworks/OpenGL.framework/Versions/A/Libraries/libGLU.dylib
0x00007fff41155000 	/System/Library/Frameworks/OpenGL.framework/Versions/A/Libraries/libGL.dylib
0x00007fff41161000 	/System/Library/Frameworks/OpenGL.framework/Versions/A/Libraries/libGLImage.dylib
0x00007fff4113e000 	/System/Library/Frameworks/OpenGL.framework/Versions/A/Libraries/libCVMSPluginSupport.dylib
0x00007fff41147000 	/System/Library/Frameworks/OpenGL.framework/Versions/A/Libraries/libCoreVMClient.dylib
0x00007fff619b3000 	/usr/lib/libcups.2.dylib
0x00007fff3c1c8000 	/System/Library/Frameworks/Kerberos.framework/Versions/A/Kerberos
0x00007fff3a6f5000 	/System/Library/Frameworks/GSS.framework/Versions/A/GSS
0x00007fff630c6000 	/usr/lib/libresolv.9.dylib
0x00007fff61ba5000 	/usr/lib/libiconv.2.dylib
0x00007fff5409f000 	/System/Library/PrivateFrameworks/Heimdal.framework/Versions/A/Heimdal
0x00007fff61b75000 	/usr/lib/libheimdal-asn1.dylib
0x00007fff407e3000 	/System/Library/Frameworks/OpenDirectory.framework/Versions/A/OpenDirectory
0x00007fff4ab53000 	/System/Library/PrivateFrameworks/CommonAuth.framework/Versions/A/CommonAuth
0x00007fff407c7000 	/System/Library/Frameworks/OpenDirectory.framework/Versions/A/Frameworks/CFOpenDirectory.framework/Versions/A/CFOpenDirectory
0x00007fff43887000 	/System/Library/Frameworks/SecurityFoundation.framework/Versions/A/SecurityFoundation
0x00007fff46fcd000 	/System/Library/PrivateFrameworks/APFS.framework/Versions/A/APFS
0x00007fff63527000 	/usr/lib/libutil.dylib
0x00007fff61250000 	/usr/lib/libcharset.1.dylib
0x00007fff485cb000 	/System/Library/PrivateFrameworks/AppleSauce.framework/Versions/A/AppleSauce
0x00007fff4874c000 	/System/Library/PrivateFrameworks/AssertionServices.framework/Versions/A/AssertionServices
0x00007fff48e7c000 	/System/Library/PrivateFrameworks/BaseBoard.framework/Versions/A/BaseBoard
0x00007fff61f76000 	/usr/lib/libmecab.1.0.0.dylib
0x00007fff61b6f000 	/usr/lib/libgermantok.dylib
0x00007fff61020000 	/usr/lib/libThaiTokenizer.dylib
0x00007fff60acc000 	/usr/lib/libChineseTokenizer.dylib
0x00007fff55abb000 	/System/Library/PrivateFrameworks/LanguageModeling.framework/Versions/A/LanguageModeling
0x00007fff4b834000 	/System/Library/PrivateFrameworks/CoreEmoji.framework/Versions/A/CoreEmoji
0x00007fff55b97000 	/System/Library/PrivateFrameworks/Lexicon.framework/Versions/A/Lexicon
0x00007fff55bda000 	/System/Library/PrivateFrameworks/LinguisticData.framework/Versions/A/LinguisticData
0x00007fff61251000 	/usr/lib/libcmph.dylib
0x00007fff43945000 	/System/Library/Frameworks/ServiceManagement.framework/Versions/A/ServiceManagement
0x00007fff48ddd000 	/System/Library/PrivateFrameworks/BackgroundTaskManagement.framework/Versions/A/BackgroundTaskManagement
0x00007fff63620000 	/usr/lib/libxslt.1.dylib
0x00007fff37674000 	/System/Library/Frameworks/Carbon.framework/Versions/A/Frameworks/Ink.framework/Versions/A/Ink
0x00007fff5eb5e000 	/System/Library/PrivateFrameworks/TextureIO.framework/Versions/A/TextureIO
0x00007fff61074000 	/usr/lib/libate.dylib
0x00007fff4cb13000 	/System/Library/PrivateFrameworks/CrashReporterSupport.framework/Versions/A/CrashReporterSupport
0x00007fff5c29d000 	/System/Library/PrivateFrameworks/Sharing.framework/Versions/A/Sharing
0x00007fff48b2f000 	/System/Library/PrivateFrameworks/AuthKit.framework/Versions/A/AuthKit
0x00007fff48083000 	/System/Library/PrivateFrameworks/Apple80211.framework/Versions/A/Apple80211
0x00007fff4c8bd000 	/System/Library/PrivateFrameworks/CoreUtils.framework/Versions/A/CoreUtils
0x00007fff39e28000 	/System/Library/Frameworks/CoreWLAN.framework/Versions/A/CoreWLAN
0x00007fff3a824000 	/System/Library/Frameworks/IOBluetooth.framework/Versions/A/IOBluetooth
0x00007fff5a721000 	/System/Library/PrivateFrameworks/ProtocolBuffer.framework/Versions/A/ProtocolBuffer
0x00007fff56b37000 	/System/Library/PrivateFrameworks/MobileKeyBag.framework/Versions/A/MobileKeyBag
0x00007fff4c101000 	/System/Library/PrivateFrameworks/CorePhoneNumbers.framework/Versions/A/CorePhoneNumbers
0x00007fff482e2000 	/System/Library/PrivateFrameworks/AppleIDAuthSupport.framework/Versions/A/AppleIDAuthSupport
0x00007fff55a8e000 	/System/Library/PrivateFrameworks/KeychainCircle.framework/Versions/A/KeychainCircle
0x00007fff5a8d7000 	/System/Library/PrivateFrameworks/ROCKit.framework/Versions/A/ROCKit
0x00007fff4caaf000 	/System/Library/PrivateFrameworks/CoreWiFi.framework/Versions/A/CoreWiFi
0x00007fff37bbf000 	/System/Library/Frameworks/CoreBluetooth.framework/Versions/A/CoreBluetooth
0x00007fff4cd0a000 	/System/Library/PrivateFrameworks/DebugSymbols.framework/Versions/A/DebugSymbols
0x00007fff4c67d000 	/System/Library/PrivateFrameworks/CoreSymbolication.framework/Versions/A/CoreSymbolication
0x00007fff5e379000 	/System/Library/PrivateFrameworks/Symbolication.framework/Versions/A/Symbolication
0x00007fff5dc1c000 	/System/Library/PrivateFrameworks/SpeechRecognitionCore.framework/Versions/A/SpeechRecognitionCore
0x000000010e800000 	/Library/Java/JavaVirtualMachines/jdk1.8.0_181.jdk/Contents/Home/jre/lib/server/libjvm.dylib
0x00007fff63402000 	/usr/lib/libstdc++.6.dylib
0x000000010ca9e000 	/Library/Java/JavaVirtualMachines/jdk1.8.0_181.jdk/Contents/Home/jre/lib/libverify.dylib
0x000000010caac000 	/Library/Java/JavaVirtualMachines/jdk1.8.0_181.jdk/Contents/Home/jre/lib/libjava.dylib
0x000000010cb2c000 	/Library/Java/JavaVirtualMachines/jdk1.8.0_181.jdk/Contents/Home/jre/lib/libzip.dylib
0x000000012ab0f000 	/Library/Java/JavaVirtualMachines/jdk1.8.0_181.jdk/Contents/Home/jre/lib/libawt.dylib
0x000000012abb9000 	/Library/Java/JavaVirtualMachines/jdk1.8.0_181.jdk/Contents/Home/jre/lib/./libmlib_image.dylib
0x00007fff3c1b1000 	/System/Library/Frameworks/JavaVM.framework/Versions/A/Frameworks/JavaNativeFoundation.framework/Versions/A/JavaNativeFoundation
0x00007fff3c1ba000 	/System/Library/Frameworks/JavaVM.framework/Versions/A/Frameworks/JavaRuntimeSupport.framework/Versions/A/JavaRuntimeSupport
0x00007fff3c1c3000 	/System/Library/Frameworks/JavaVM.framework/Versions/A/JavaVM
0x00007fff559ac000 	/System/Library/PrivateFrameworks/JavaLaunching.framework/Versions/A/JavaLaunching
0x00007fff3736e000 	/System/Library/Frameworks/Carbon.framework/Versions/A/Carbon
0x00007fff3736f000 	/System/Library/Frameworks/Carbon.framework/Versions/A/Frameworks/CommonPanels.framework/Versions/A/CommonPanels
0x00007fff3766a000 	/System/Library/Frameworks/Carbon.framework/Versions/A/Frameworks/Help.framework/Versions/A/Help
0x00007fff3766e000 	/System/Library/Frameworks/Carbon.framework/Versions/A/Frameworks/ImageCapture.framework/Versions/A/ImageCapture
0x00007fff3770a000 	/System/Library/Frameworks/Carbon.framework/Versions/A/Frameworks/OpenScripting.framework/Versions/A/OpenScripting
0x00007fff37742000 	/System/Library/Frameworks/Carbon.framework/Versions/A/Frameworks/Print.framework/Versions/A/Print
0x00007fff37744000 	/System/Library/Frameworks/Carbon.framework/Versions/A/Frameworks/SecurityHI.framework/Versions/A/SecurityHI
0x000000012ac85000 	/Library/Java/JavaVirtualMachines/jdk1.8.0_181.jdk/Contents/Home/jre/lib/libawt_lwawt.dylib
0x000000012ad3f000 	/Library/Java/JavaVirtualMachines/jdk1.8.0_181.jdk/Contents/Home/jre/lib/./libosxapp.dylib
0x00007fff3a2b2000 	/System/Library/Frameworks/ExceptionHandling.framework/Versions/A/ExceptionHandling
0x00007fff4c285000 	/System/Library/PrivateFrameworks/CoreServicesInternal.framework/Versions/A/CoreServicesInternal
0x00007fff2c86c000 	/System/Library/CoreServices/RawCamera.bundle/Contents/MacOS/RawCamera
0x00007fff569a0000 	/System/Library/PrivateFrameworks/MobileAsset.framework/Versions/A/MobileAsset
0x00007fff5e2c7000 	/System/Library/PrivateFrameworks/StreamingZip.framework/Versions/A/StreamingZip
0x00007fff3c555000 	/System/Library/Frameworks/MediaToolbox.framework/Versions/A/MediaToolbox
0x00007fff4b3d9000 	/System/Library/PrivateFrameworks/CoreAVCHD.framework/Versions/A/CoreAVCHD
0x00007fff3c49b000 	/System/Library/Frameworks/MediaAccessibility.framework/Versions/A/MediaAccessibility
0x00007fff563fd000 	/System/Library/PrivateFrameworks/Mangrove.framework/Versions/A/Mangrove
0x00007fff3914b000 	/System/Library/Frameworks/CoreMedia.framework/Versions/A/CoreMedia
0x00007fff43fad000 	/System/Library/Frameworks/VideoToolbox.framework/Versions/A/VideoToolbox
0x00007fff4aff5000 	/System/Library/PrivateFrameworks/CoreAUC.framework/Versions/A/CoreAUC
0x00007fff6312f000 	/usr/lib/libspindump.dylib
0x00007fff486b1000 	/System/Library/PrivateFrameworks/AppleVA.framework/Versions/A/AppleVA
0x00007fff344ca000 	/System/Library/Frameworks/Accelerate.framework/Versions/A/Frameworks/vImage.framework/Versions/A/Libraries/libCGInterfaces.dylib
0x00007fff367bd000 	/System/Library/Frameworks/ApplicationServices.framework/Versions/A/Frameworks/ATS.framework/Versions/A/Resources/libTrueTypeScaler.dylib
0x00007fff2cbc8000 	/System/Library/Extensions/AMDMTLBronzeDriver.bundle/Contents/MacOS/AMDMTLBronzeDriver
0x00007fff553f8000 	/System/Library/PrivateFrameworks/IOAccelMemoryInfo.framework/Versions/A/IOAccelMemoryInfo
0x00007fff3168c000 	/System/Library/Extensions/AppleIntelKBLGraphicsMTLDriver.bundle/Contents/MacOS/AppleIntelKBLGraphicsMTLDriver
0x00007fff51a8f000 	/System/Library/PrivateFrameworks/GPUCompiler.framework/Versions/3902/Libraries/libmetal_timestamp.dylib
0x00007fff4e1e5000 	/System/Library/PrivateFrameworks/FamilyControls.framework/Versions/A/FamilyControls
0x00007fff4ab46000 	/System/Library/PrivateFrameworks/CommerceKit.framework/Versions/A/Frameworks/CommerceCore.framework/Versions/A/CommerceCore
0x00007fff5e64c000 	/System/Library/PrivateFrameworks/SystemAdministration.framework/Versions/A/SystemAdministration
0x00007fff47f84000 	/System/Library/PrivateFrameworks/AppContainer.framework/Versions/A/AppContainer
0x00007fff47fa0000 	/System/Library/PrivateFrameworks/AppSandbox.framework/Versions/A/AppSandbox
0x00007fff5c13e000 	/System/Library/PrivateFrameworks/SecCodeWrapper.framework/Versions/A/SecCodeWrapper
0x00007fff630e0000 	/usr/lib/libsandbox.1.dylib
0x00007fff60e13000 	/usr/lib/libMatch.1.dylib
0x00007fff4d08f000 	/System/Library/PrivateFrameworks/DiskManagement.framework/Versions/A/DiskManagement
0x00007fff3a02e000 	/System/Library/Frameworks/DirectoryService.framework/Versions/A/DirectoryService
0x00007fff4cfc0000 	/System/Library/PrivateFrameworks/DiskImages.framework/Versions/A/DiskImages
0x00007fff55cd3000 	/System/Library/PrivateFrameworks/LoginUIKit.framework/Versions/A/Frameworks/LoginUICore.framework/Versions/A/LoginUICore
0x00007fff60ad7000 	/usr/lib/libCoreStorage.dylib
0x00007fff619a0000 	/usr/lib/libcsfde.dylib
0x00007fff62f60000 	/usr/lib/libodfde.dylib
0x00007fff56515000 	/System/Library/PrivateFrameworks/MediaKit.framework/Versions/A/MediaKit
0x00007fff3a03a000 	/System/Library/Frameworks/DiscRecording.framework/Versions/A/DiscRecording
0x00007fff4d201000 	/System/Library/PrivateFrameworks/EFILogin.framework/Versions/A/EFILogin
0x00007fff5a6cc000 	/System/Library/PrivateFrameworks/ProtectedCloudStorage.framework/Versions/A/ProtectedCloudStorage
0x00007fff61a32000 	/usr/lib/libcurl.4.dylib
0x00007fff6189f000 	/usr/lib/libcrypto.42.dylib
0x00007fff633d2000 	/usr/lib/libssl.44.dylib
0x00007fff3c1e2000 	/System/Library/Frameworks/LDAP.framework/Versions/A/LDAP
0x00007fff5ecdc000 	/System/Library/PrivateFrameworks/TrustEvaluationAgent.framework/Versions/A/TrustEvaluationAgent
0x00007fff6311c000 	/usr/lib/libsasl2.2.dylib
0x00007fff4b631000 	/System/Library/PrivateFrameworks/CoreDaemon.framework/Versions/B/CoreDaemon
0x00007fff485c6000 	/System/Library/PrivateFrameworks/AppleSRP.framework/Versions/A/AppleSRP
0x00007fff5fb15000 	/System/Library/PrivateFrameworks/ViewBridge.framework/Versions/A/ViewBridge
0x000000012df27000 	/usr/lib/libobjc-trampolines.dylib
0x000000012f567000 	/Library/Java/JavaVirtualMachines/jdk1.8.0_181.jdk/Contents/Home/jre/lib/libfontmanager.dylib
0x00007fff41cfa000 	/System/Library/Frameworks/OpenGL.framework/Versions/A/Resources/GLEngine.bundle/GLEngine
0x00007fff4119c000 	/System/Library/Frameworks/OpenGL.framework/Versions/A/Libraries/libGLProgrammability.dylib
0x00007fff308b7000 	/System/Library/Extensions/AppleIntelKBLGraphicsGLDriver.bundle/Contents/MacOS/AppleIntelKBLGraphicsGLDriver
0x00007fff53124000 	/System/Library/PrivateFrameworks/GPUSupport.framework/Versions/A/Libraries/libGPUSupportMercury.dylib
0x000000012f5d1000 	/System/Library/Extensions/AMDRadeonX4000GLDriver.bundle/Contents/MacOS/AMDRadeonX4000GLDriver
0x00007fff2ccd4000 	/System/Library/Extensions/AMDRadeonX4000GLDriver.bundle/Contents/MacOS/ATIRadeonX4000SCLib.dylib
0x00007fff41e92000 	/System/Library/Frameworks/OpenGL.framework/Versions/A/Resources/GLRendererFloat.bundle/GLRendererFloat
0x00007fff40766000 	/System/Library/Frameworks/OpenCL.framework/Versions/A/Libraries/libcldcpuengine.dylib
0x00007fff616a5000 	/usr/lib/libcrypto.35.dylib
0x000000012f852000 	/Library/Java/JavaVirtualMachines/jdk1.8.0_181.jdk/Contents/Home/jre/lib/libosxui.dylib
0x0000000130277000 	/Users/oscartenesaca/eclipse-workspace/SEClipsProyecto/libCLIPSJNI.jnilib
0x0000000137211000 	/Library/Java/JavaVirtualMachines/jdk1.8.0_181.jdk/Contents/Home/jre/lib/libnet.dylib
0x000000013724d000 	/Library/Java/JavaVirtualMachines/jdk1.8.0_181.jdk/Contents/Home/jre/lib/libnio.dylib
0x00007fff607cc000 	/System/Library/PrivateFrameworks/login.framework/Versions/A/login

VM Arguments:
jvm_args: -Dfile.encoding=UTF-8 
java_command: clips.proyecto.vista.Main
java_class_path (initial): /Users/oscartenesaca/eclipse-workspace/SEClipsProyecto/bin:/Users/oscartenesaca/eclipse-workspace/SEClipsProyecto/CLIPSJNI.jar
Launcher Type: SUN_STANDARD

Environment Variables:
PATH=/usr/bin:/bin:/usr/sbin:/sbin
SHELL=/bin/bash

Signal Handlers:
SIGSEGV: [libjvm.dylib+0x5b6029], sa_mask[0]=11111111011111110111111111111111, sa_flags=SA_ONSTACK|SA_RESTART|SA_SIGINFO
SIGBUS: [libjvm.dylib+0x5b6029], sa_mask[0]=11111111011111110111111111111111, sa_flags=SA_RESTART|SA_SIGINFO
SIGFPE: [libjvm.dylib+0x48b934], sa_mask[0]=11111111011111110111111111111111, sa_flags=SA_RESTART|SA_SIGINFO
SIGPIPE: [libjvm.dylib+0x48b934], sa_mask[0]=11111111011111110111111111111111, sa_flags=SA_RESTART|SA_SIGINFO
SIGXFSZ: [libjvm.dylib+0x48b934], sa_mask[0]=11111111011111110111111111111111, sa_flags=SA_RESTART|SA_SIGINFO
SIGILL: [libjvm.dylib+0x48b934], sa_mask[0]=11111111011111110111111111111111, sa_flags=SA_RESTART|SA_SIGINFO
SIGUSR1: SIG_DFL, sa_mask[0]=00000000000000000000000000000000, sa_flags=none
SIGUSR2: [libjvm.dylib+0x48b452], sa_mask[0]=00100000000000000000000000000000, sa_flags=SA_RESTART|SA_SIGINFO
SIGHUP: [libjvm.dylib+0x489a1d], sa_mask[0]=11111111011111110111111111111111, sa_flags=SA_RESTART|SA_SIGINFO
SIGINT: [libjvm.dylib+0x489a1d], sa_mask[0]=11111111011111110111111111111111, sa_flags=SA_RESTART|SA_SIGINFO
SIGTERM: [libjvm.dylib+0x489a1d], sa_mask[0]=11111111011111110111111111111111, sa_flags=SA_RESTART|SA_SIGINFO
SIGQUIT: [libjvm.dylib+0x489a1d], sa_mask[0]=11111111011111110111111111111111, sa_flags=SA_RESTART|SA_SIGINFO


---------------  S Y S T E M  ---------------

OS:Bsduname:Darwin 18.6.0 Darwin Kernel Version 18.6.0: Thu Apr 25 23:16:27 PDT 2019; root:xnu-4903.261.4~2/RELEASE_X86_64 x86_64
rlimit: STACK 8192k, CORE 0k, NPROC 1418, NOFILE 10240, AS infinity
load average:1.83 1.63 1.48

CPU:total 12 (initial active 12) (6 cores per cpu, 2 threads per core) family 6 model 158 stepping 10, cmov, cx8, fxsr, mmx, sse, sse2, sse3, ssse3, sse4.1, sse4.2, popcnt, avx, avx2, aes, clmul, erms, rtm, 3dnowpref, lzcnt, ht, tsc, tscinvbit, bmi1, bmi2, adx

Memory: 4k page, physical 16777216k(3019128k free)

/proc/meminfo:


vm_info: Java HotSpot(TM) 64-Bit Server VM (25.181-b13) for bsd-amd64 JRE (1.8.0_181-b13), built on Jul  7 2018 01:02:31 by "java_re" with gcc 4.2.1 (Based on Apple Inc. build 5658) (LLVM build 2336.11.00)

time: Sun Jun  2 18:54:02 2019
elapsed time: 51 seconds (0d 0h 0m 51s)

